0 1.216254 6.464345 7.603985
39618000 0.612916 6.540959 7.546524
78849000 0.612916 6.588843 7.182605
118054000 0.268151 6.483498 7.182605
157445000 0.067038 6.397307 6.971915
196811000 0.201113 6.291962 7.096414
235978000 -0.095768 6.205771 6.991069
275322000 -0.287304 6.167464 6.675035
314271000 -0.402226 6.119579 6.914454
354000000 -0.210690 6.100426 6.761226
393146000 0.354342 6.004658 7.249643
432209000 0.325611 6.004658 7.038953
471499000 0.220267 6.062119 6.933608
510703000 0.459687 5.889736 7.489063
549972000 0.833182 5.650316 7.738060
589249000 0.737414 5.813122 7.814674
628540000 0.699107 6.282385 7.661446
667877000 1.120486 6.617573 7.105990
707201000 1.149217 6.569689 7.134721
746471000 0.612916 6.560112 7.268796
785637000 0.229843 6.694188 7.086837
824895000 0.517148 6.665458 7.125144
863824000 0.842759 6.837840 6.311116
903122000 0.440533 6.876147 5.803545
942795000 0.229843 6.895301 6.148310
982231000 0.823605 6.895301 6.416461
1021407000 0.517148 6.952762 6.579266
1060692000 0.603339 6.876147 7.029376
1099947000 1.244985 7.038953 7.383718
1139208000 0.459687 7.335834 6.914454
1178438000 0.239420 7.383718 7.163452
1218000000 0.689530 7.278373 8.216900
1257136000 0.823605 6.914454 7.651869
1296401000 -1.024718 6.675035 7.575254
1335685000 -1.369483 6.856994 8.599973
1375005000 0.402226 6.052542 8.983045
1414070000 0.038307 5.123591 7.757214
1453723000 -0.852336 4.932055 7.010222
1492884000 -1.091756 4.740520 7.000646
1532016000 -1.206678 4.405331 7.105990
1571813000 -0.584185 4.453215 7.105990
1610830000 0.229843 4.874595 6.445191
1650279000 -0.555455 5.008670 6.148310
1689458000 -0.373495 5.573701 6.636727
1729061000 -0.478840 6.071695 6.713342
1768040000 -0.057461 6.330269 7.594408
1807325000 -0.402226 6.924031 7.268796
1846867000 -0.248997 7.431602 7.805098
1886220000 0.162806 7.422025 8.676587
1924867000 -0.440533 7.287950 8.580819
1964590000 -0.057461 7.374141 7.287950
2003983000 1.273715 5.477933 8.169016
2043319000 0.727837 4.520253 8.772355
2082490000 1.714248 4.970363 7.220912
2121562000 0.957681 5.430049 4.778827
2160863000 0.507571 4.912902 5.573701
2200392000 0.900220 4.788404 7.029376
2239077000 0.038307 5.650316 5.784391
2279013000 0.507571 6.110003 5.439626
2318293000 1.197101 6.224925 5.822699
2357611000 0.507571 6.205771 7.029376
2396992000 0.076614 6.416461 8.073248
2436246000 0.229843 7.086837 8.494628
2475491000 -0.038307 7.527370 8.599973
2514761000 -0.804452 7.891289 7.862558
2553950000 -1.714248 8.226477 6.588843
2593469000 -1.312023 6.445191 7.881712
2632485000 -1.216254 5.449203 7.967903
2671969000 -1.790863 5.736507 6.215348
2711221000 -1.149217 5.324705 6.378153
2750110000 -0.057461 4.826711 6.962338
2789835000 -0.507571 4.673482 6.445191
2829138000 -0.392649 4.702212 6.617573
2868693000 -0.143652 5.343858 6.646304
2907749000 0.191536 6.177041 6.062119
2946917000 0.766145 6.426037 7.603985
2986364000 -0.239420 6.866570 7.699753
3025740000 -0.459687 7.402872 7.230489
3065008000 0.430956 7.173028 8.638280
3104033000 -0.766145 7.632715 7.058106
3143834000 1.695095 6.177041 8.044518
3183160000 1.015141 4.539406 9.289502
3221941000 0.871489 5.353435 7.508216
3261914000 1.369483 5.688623 5.861006
3301169000 0.756568 4.932055 6.540959
3340459000 0.833182 4.932055 7.354988
3379304000 -0.699107 5.516241 5.774815
3418731000 -0.679953 5.908890 6.042965
3458030000 0.258574 6.253655 6.560112
3497342000 -0.095768 6.636727 5.659893
3536646000 -0.363919 6.675035 5.717354
3575958000 -0.756568 7.115568 7.010222
3615276000 -1.072602 7.699753 7.316680
3654311000 -0.258574 7.642292 9.346964
3693706000 -0.861913 7.766790 8.216900
3732925000 -0.038307 6.263232 9.318233
3772192000 -0.488417 6.042965 7.661446
3811282000 -1.254562 6.330269 5.544971
3850965000 -0.651223 5.679047 6.330269
3890273000 0.268151 4.922479 7.259220
3929557000 -0.545878 4.903325 6.311116
3968831000 -0.009577 4.855441 6.493075
4008092000 0.679953 5.267244 5.908890
4047660000 0.383072 5.918467 5.315128
4086709000 0.574608 6.196194 6.023811
4125854000 -0.153229 6.799533 6.684611
4165480000 -0.258574 7.651869 7.900866
4204486000 0.392649 7.738060 10.371682
4243427000 -0.028730 8.149862 9.385271
4282970000 1.139640 6.531382 8.848969
4322236000 1.541866 4.137180 10.879252
4361465000 2.097321 4.376601 8.149862
4400954000 0.057461 5.334281 3.811569
4440522000 1.216254 4.884171 4.951209
4479847000 1.618480 4.884171 6.751649
4518765000 -0.488417 5.851429 4.874595
4558121000 -1.072602 6.157887 5.257667
4597569000 0.306458 5.985504 6.607996
4636602000 0.191536 6.473921 6.253655
4675496000 -0.134075 6.751649 7.393295
4715217000 0.450110 7.077260 8.686164
4754264000 -1.484405 7.249643 9.050082
4793666000 -2.987964 7.881712 8.465898
4832493000 0.421380 6.732495 7.718906
4872084000 -0.536301 5.679047 7.661446
4911864000 -1.340753 6.224925 5.861006
4951671000 -0.363919 5.765238 6.742072
4990654000 -0.727837 4.568137 7.536947
5029817000 0.191536 4.137180 7.910442
5069072000 -0.344765 4.424485 6.253655
5107958000 0.000000 4.941632 5.822699
5148126000 1.072602 5.439626 6.713342
5187011000 1.264138 6.023811 6.416461
5226304000 0.593762 6.368577 6.895301
5265973000 -0.354342 6.866570 7.671022
5304568000 0.354342 7.058106 9.097966
5343502000 0.488417 7.259220 9.864111
5382939000 0.699107 7.508216 7.757214
5422207000 2.030283 5.382165 9.337387
5461641000 0.986411 4.625597 9.950302
5501111000 1.426944 5.401319 6.713342
5540021000 0.526724 5.276821 4.654328
5579808000 0.555455 4.797980 6.502652
5619062000 0.842759 5.114015 7.211336
5658285000 -0.823605 5.755661 5.832275
5697735000 -0.737414 6.062119 5.765238
5737019000 0.794875 6.042965 6.646304
5776322000 -0.229843 6.148310 6.627151
5815699000 -0.402226 6.665458 7.364564
5854771000 -0.210690 7.412448 7.766790
5894094000 -0.143652 7.556100 8.791509
5933987000 -1.915361 7.824251 7.718906
5972094000 -0.239420 6.014235 9.931149
6011661000 -1.158794 5.257667 8.494628
6051104000 -1.235408 6.071695 5.602432
6090949000 -0.766145 5.669470 5.956774
6129887000 -0.095768 5.152322 6.799533
6169125000 -0.421380 4.912902 6.454768
6208439000 -0.210690 4.807557 6.483498
6247725000 0.450110 4.922479 6.876147
6286990000 0.909797 5.650316 5.784391
6326232000 0.651223 6.052542 6.665458
6365596000 0.651223 6.435614 7.536947
6404377000 0.220267 7.278373 7.776367
6444011000 0.421380 7.776367 8.580819
6483097000 -0.229843 7.891289 9.490616
6522203000 1.149217 6.722919 8.858546
6561649000 0.421380 4.635174 9.567230
6601126000 0.584185 4.711789 8.121132
6640472000 0.833182 5.602432 5.257667
6680230000 1.101333 5.889736 4.577713
6718968000 1.618480 5.458780 6.004658
6758339000 0.277727 5.525817 5.889736
6797668000 -0.612916 5.880159 4.893748
6836856000 -0.105345 6.071695 5.803545
6876232000 0.047884 6.167464 5.746084
6915589000 0.009577 6.301539 6.301539
6954830000 -0.526724 6.722919 7.987057
6994116000 -0.162806 7.335834 8.590396
7033597000 -0.047884 7.460332 9.433155
7072511000 -1.369483 7.900866 8.044518
7112080000 -0.555455 6.722919 8.552089
7151203000 -0.938527 5.995081 7.489063
7190717000 -1.292869 6.387730 5.276821
7230050000 -0.814029 5.822699 6.416461
7269277000 0.076614 5.286397 7.412448
7308743000 -0.555455 5.094861 6.330269
7348033000 -0.555455 5.008670 5.784391
7387670000 0.450110 5.123591 6.244078
7426729000 0.814029 5.717354 5.880159
7466275000 0.718261 6.263232 5.985504
7505414000 0.306458 6.502652 7.393295
7544799000 -0.172383 7.287950 7.661446
7584039000 0.306458 7.489063 8.475474
7623232000 -0.239420 7.843405 8.667010
7662080000 1.513135 7.240066 8.427590
7701583000 2.327164 5.343858 9.394848
7741073000 1.273715 5.573701 7.575254
7780445000 1.532289 6.157887 5.544971
7819681000 1.359907 5.784391 5.774815
7858536000 1.714248 5.353435 6.588843
7898360000 -0.095768 5.497087 5.640739
7937666000 -1.264138 5.918467 5.152322
7976903000 -0.478840 6.263232 5.679047
8016723000 -0.076614 6.435614 5.458780
8055655000 -0.354342 6.713342 6.330269
8094870000 -0.603339 7.326257 7.230489
8134150000 0.287304 7.603985 8.178593
8173686000 -1.149217 8.121132 7.603985
8212504000 -0.785298 7.872135 7.115568
8252159000 -0.478840 6.014235 9.270349
8291582000 -2.059013 6.301539 7.249643
8330820000 -1.848324 6.493075 6.129156
8370167000 -0.574608 5.458780 7.211336
8409438000 -0.325611 4.730943 6.914454
8448506000 -0.699107 4.568137 6.014235
8487880000 -0.440533 4.529830 6.071695
8527358000 0.430956 5.018247 6.426037
8566598000 0.651223 5.698200 6.426037
8605850000 -0.210690 5.995081 7.584831
8645573000 -0.536301 6.780379 7.757214
8684210000 -0.488417 7.489063 7.661446
8723775000 -0.296881 7.728483 8.494628
8763002000 0.067038 7.958326 7.278373
8802180000 1.493982 6.435614 7.948750
8841724000 0.938527 5.573701 8.935161
8880637000 1.197101 5.899313 7.029376
8920264000 0.804452 5.774815 6.167464
8959544000 0.689530 5.544971 6.569689
8998734000 0.153229 5.899313 5.669470
9038510000 -0.785298 6.004658 4.960786
9077429000 -0.354342 6.378153 5.190629
9116714000 -0.670376 6.627151 5.449203
9156456000 -1.244985 6.627151 5.985504
9194959000 -0.881066 6.761226 7.354988
9234523000 -0.881066 7.479486 6.962338
9273998000 -0.603339 7.556100 7.153875
9312463000 -1.896208 7.872135 7.536947
9352065000 -1.771709 7.412448 8.322245
9391721000 -1.005565 6.042965 9.069236
9431263000 -1.532289 6.359000 6.473921
9470329000 -1.599327 6.330269 6.406884
9509545000 -0.938527 5.659893 7.469909
9549146000 -0.814029 5.497087 7.029376
9588568000 -0.009577 5.046977 7.441179
9627104000 0.162806 4.673482 6.866570
9666691000 -0.086191 4.865018 5.573701
9706405000 -0.890643 4.951209 4.922479
9744994000 -0.890643 5.094861 6.291962
9784453000 -0.871489 6.014235 7.115568
9823704000 -0.995988 7.105990 7.584831
9862629000 -1.187524 7.958326 8.820239
9902048000 -1.101333 8.916007 7.173028
9941490000 1.608904 6.550536 8.523358
9980606000 -0.526724 5.037400 9.969456
10020196000 -0.373495 5.592855 8.868123
10059250000 -0.344765 5.746084 6.119579
10098671000 0.612916 5.956774 5.755661
10138381000 1.091756 5.822699 6.598420
10177411000 -0.584185 5.861006 5.171476
10216489000 -1.608904 6.157887 4.769250
10255811000 -1.120486 6.090849 5.841852
10295184000 -0.201113 5.928043 6.493075
10334237000 -1.034295 6.426037 6.493075
10373804000 -1.618480 7.680599 7.048530
10412670000 -0.306458 8.130709 7.977480
10452064000 -0.210690 7.345411 8.868123
10491415000 -1.685518 7.709330 7.766790
10530869000 -0.823605 6.464345 8.207323
10570240000 -1.656788 5.736507 6.483498
10609159000 -1.359907 5.966351 6.320693
10648721000 -0.584185 5.918467 6.713342
10688122000 -0.191536 5.918467 6.694188
10727358000 0.392649 4.951209 7.632715
10766622000 0.354342 4.577713 7.192182
10806319000 0.306458 5.046977 5.295974
10845200000 -0.143652 5.171476 4.932055
10884127000 -0.392649 5.544971 6.119579
10923616000 -0.181959 6.301539 7.163452
10962761000 -0.517148 7.096414 7.469909
11001982000 0.210690 7.431602 9.260772
11041197000 0.028730 7.948750 8.820239
11081243000 2.020706 6.598420 8.561666
11120255000 2.078167 5.612009 8.781932
11159471000 0.622492 6.244078 7.086837
11198831000 0.967257 6.483498 5.899313
11238105000 1.321599 5.928043 6.531382
11277329000 0.938527 5.889736 6.502652
11316559000 -0.383072 5.880159 5.458780
11355678000 -0.909797 6.071695 5.018247
11395198000 -0.737414 6.339846 5.458780
11434049000 0.191536 6.330269 6.569689
11473137000 -0.545878 6.952762 6.033388
11512575000 -0.363919 7.728483 6.761226
11552011000 1.187524 7.603985 8.599973
11591388000 -1.005565 8.082825 8.140285
11631320000 -0.871489 7.833828 7.469909
11670257000 -0.038307 6.368577 9.289502
11709531000 -0.421380 6.598420 6.435614
11748851000 -0.612916 6.473921 5.947197
11788157000 0.153229 5.755661 7.632715
11827394000 0.392649 5.085284 7.776367
11866737000 1.091756 4.673482 6.713342
11905430000 0.076614 4.826711 4.730943
11945292000 1.034295 5.257667 4.845864
11984102000 0.766145 5.497087 5.602432
12024018000 -0.373495 5.918467 5.861006
12063101000 -0.354342 6.818686 6.378153
12102038000 0.316035 7.354988 6.282385
12141667000 -0.210690 7.900866 7.824251
12181130000 2.087744 7.824251 7.747637
12220301000 1.896208 5.525817 9.998186
12258923000 1.369483 4.855441 10.888829
12299021000 1.244985 5.190629 9.078813
12338081000 0.861913 5.219360 7.345411
12377577000 1.436521 5.257667 7.182605
12416910000 0.392649 5.506664 6.253655
12456194000 -0.718261 5.755661 5.449203
12495382000 -0.890643 5.612009 6.473921
12534569000 -0.162806 5.592855 6.186617
12573818000 -0.536301 6.148310 5.037400
12613131000 -0.737414 6.770802 6.215348
12652214000 -0.670376 7.000646 7.776367
12691538000 -1.216254 7.795521 7.996634
12731050000 -0.833182 8.686164 7.316680
12770087000 -0.497994 6.397307 10.247183
12809697000 -0.948104 5.669470 9.318233
12849099000 -1.407791 6.157887 6.483498
12888261000 -1.149217 5.640739 5.918467
12927632000 -0.469264 4.587290 7.374141
12967000000 -0.507571 4.328717 7.374141
13006593000 -0.277727 4.692636 6.349423
13045882000 0.086191 4.932055 6.119579
13084917000 0.766145 5.286397 5.755661
13124163000 0.938527 5.832275 5.726931
13163297000 -0.162806 6.263232 6.177041
13202492000 -0.296881 6.981492 7.048530
13241767000 0.248997 7.469909 8.446744
13280983000 -0.421380 8.303091 7.307104
13320546000 3.074155 7.038953 9.394848
13359838000 1.829170 5.592855 9.902418
13399124000 -0.162806 6.023811 7.383718
13438409000 0.565032 5.803545 6.521805
13478115000 1.388637 5.372589 6.665458
13517017000 0.450110 5.774815 5.248090
13556309000 -0.574608 5.401319 5.181053
13595985000 -0.852336 5.238513 5.947197
13634618000 -0.536301 5.966351 5.975927
13674119000 -0.392649 6.521805 5.334281
13713563000 0.038307 6.512228 7.134721
13752249000 -0.574608 7.134721 7.412448
13791654000 -0.948104 7.575254 7.479486
13831107000 -2.183512 7.910442 8.791509
13871031000 -1.733402 7.824251 7.833828
13909987000 -0.536301 6.378153 8.207323
13949249000 -1.187524 6.359000 7.096414
13989017000 -1.130063 6.090849 6.703765
14028308000 -0.737414 5.315128 7.489063
14067207000 -0.469264 4.759673 7.326257
14106655000 -0.660800 4.539406 6.138733
14145907000 0.239420 4.740520 5.908890
14185088000 0.986411 5.391742 5.430049
14224138000 1.244985 5.899313 5.305551
14263803000 1.024718 6.004658 6.809110
14302497000 0.057461 6.617573 7.546524
14342196000 -0.335188 7.335834 7.546524
14381902000 0.210690 7.536947 8.734048
14420865000 0.057461 7.967903 8.073248
14460104000 1.771709 7.067683 9.002198
14499440000 2.355895 5.918467 9.538500
14538726000 1.110910 5.947197 7.642292
14578347000 1.522712 5.832275 6.023811
14617250000 1.723825 5.152322 5.774815
14656562000 0.833182 5.391742 5.602432
14695893000 -0.316035 5.698200 4.558560
14734822000 -0.229843 6.004658 4.510676
14774162000 -0.124498 6.311116 5.353435
14812727000 -0.775721 6.703765 5.832275
14852517000 -0.517148 7.134721 7.144298
14891666000 -0.823605 7.594408 7.929596
14931264000 -0.909797 7.910442 7.987057
14970678000 -1.637634 8.647857 6.789956
15009546000 -0.181959 7.632715 7.182605
15048532000 -1.235408 6.196194 7.738060
15088909000 -1.781286 6.368577 6.722919
15127820000 -1.407791 5.813122 6.914454
15167051000 -0.708684 4.817134 7.680599
15206742000 -0.632069 4.472369 7.105990
15246019000 -0.536301 4.702212 4.587290
15284885000 0.478840 5.181053 4.692636
15323772000 1.398214 5.516241 6.100426
15362770000 1.446098 6.062119 6.224925
15402473000 0.967257 6.387730 7.575254
15441605000 0.162806 7.402872 7.929596
15481170000 0.430956 7.431602 9.701305
15520648000 -0.095768 8.044518 9.203311
15559955000 1.426944 7.872135 7.728483
15599311000 2.470816 5.037400 9.950302
15638635000 1.695095 5.975927 7.594408
15677768000 0.794875 6.732495 4.663905
15716814000 0.842759 6.196194 4.989516
15755445000 1.723825 5.410896 6.713342
15794896000 0.239420 6.062119 5.209783
15835151000 -1.455675 6.751649 4.070143
15874384000 -0.660800 6.588843 6.004658
15913628000 -0.287304 6.751649 6.924031
15952176000 -0.833182 6.885724 7.690176
15991666000 -1.110910 7.508216 8.015787
16031208000 -0.871489 7.833828 7.824251
16070554000 -1.522712 8.245630 7.153875
16109760000 -0.545878 8.245630 5.602432
16149047000 0.354342 6.205771 8.178593
16188407000 -1.139640 6.205771 6.627151
16227646000 -1.436521 6.828263 4.817134
16266929000 0.000000 5.717354 6.818686
16306230000 0.363919 4.807557 7.718906
16345313000 -0.641646 4.960786 5.717354
16384287000 -0.842759 5.458780 4.893748
16423945000 0.344765 5.813122 5.276821
16463186000 0.699107 6.157887 5.248090
16502062000 0.201113 6.569689 6.483498
16541299000 -0.507571 7.163452 7.833828
16580942000 -0.191536 7.881712 8.236053
16620617000 0.000000 8.159439 8.044518
16658888000 0.095768 8.293514 6.560112
16698659000 1.771709 6.205771 9.260772
16737945000 1.877054 5.353435 9.902418
16777616000 1.292869 6.177041 7.287950
16816583000 1.972822 6.004658 5.650316
16855713000 1.637634 5.286397 5.928043
16895408000 0.565032 5.324705 6.320693
16934136000 -0.316035 5.774815 4.912902
16973753000 0.038307 6.081272 5.152322
17012223000 0.028730 6.339846 5.516241
17051932000 -0.248997 6.426037 6.177041
17090965000 -0.248997 6.866570 6.617573
17130700000 -0.842759 7.575254 7.163452
17169940000 -0.191536 7.575254 8.810662
17209537000 -1.149217 8.379706 7.508216
17248532000 -1.149217 8.121132 6.703765
17287709000 -0.823605 6.014235 8.944737
17327014000 -1.896208 6.473921 6.818686
17365561000 -1.810017 6.713342 5.985504
17405448000 -0.545878 5.937620 6.684611
17444065000 -0.574608 5.257667 6.856994
17484120000 -0.411803 5.056554 6.282385
17523041000 -0.114922 5.056554 5.631162
17562095000 0.172383 5.554548 4.817134
17601437000 0.689530 6.110003 5.497087
17641451000 0.392649 6.445191 7.115568
17680823000 -0.459687 7.259220 7.086837
17719714000 -0.153229 7.766790 7.441179
17758997000 0.248997 7.690176 8.839393
17798361000 -0.220267 8.178593 7.134721
17837512000 1.541866 6.560112 8.121132
17876783000 1.120486 5.209783 9.203311
17916114000 0.938527 5.985504 7.354988
17955229000 1.292869 6.387730 5.181053
17994545000 1.991976 5.659893 5.813122
18033866000 0.746991 5.698200 6.014235
18073128000 -0.660800 5.803545 5.458780
18112052000 0.047884 5.861006 6.215348
18151536000 0.172383 6.406884 5.851429
18191384000 0.095768 6.722919 6.014235
18230409000 -0.086191 6.895301 7.699753
18269547000 -0.172383 7.489063 8.054094
18308769000 -0.555455 7.967903 7.920019
18348522000 -1.857901 8.714894 6.454768
18387399000 -0.057461 7.010222 8.312668
18426703000 -0.881066 6.004658 7.891289
18466005000 -2.202666 6.856994 5.410896
18505414000 -1.082179 6.014235 6.809110
18544195000 -0.124498 4.912902 8.178593
18583995000 0.248997 4.884171 7.096414
18623199000 -0.143652 4.845864 5.707777
18662160000 0.517148 5.248090 4.989516
18701582000 0.670376 6.014235 4.405331
18741138000 0.814029 6.148310 5.822699
18780357000 0.727837 6.675035 6.876147
18819502000 0.000000 7.345411 7.872135
18859366000 0.737414 7.671022 9.327810
18898363000 0.210690 8.418014 8.303091
18937584000 1.522712 7.690176 8.331821
18977312000 2.279280 5.707777 10.103531
19016195000 1.742979 6.138733 7.881712
19055470000 0.928950 6.291962 5.851429
19094560000 1.944092 5.458780 6.416461
19133923000 1.647211 5.027823 6.023811
19173099000 -0.584185 5.152322 5.018247
19212086000 -0.881066 5.363012 5.257667
19251401000 -0.574608 6.110003 4.759673
19291039000 -0.402226 6.703765 4.941632
19330286000 -0.814029 6.885724 6.052542
19369574000 -1.522712 7.412448 7.345411
19409298000 -0.938527 7.690176 8.513782
19448207000 -1.666364 8.178593 8.360553
19487511000 -1.024718 8.379706 7.077260
19527271000 -0.814029 6.435614 8.408437
19566029000 -1.580173 5.918467 7.881712
19605810000 -1.991976 5.908890 6.895301
19644586000 -1.379060 5.257667 7.163452
19683824000 -0.804452 5.209783 6.703765
19723150000 -0.143652 4.941632 6.234501
19762204000 0.239420 4.673482 6.196194
19801574000 0.268151 4.855441 6.272809
19841184000 0.833182 5.669470 5.525817
19880514000 0.392649 6.512228 5.085284
19919052000 -0.258574 6.818686 7.086837
19959174000 -0.038307 7.268796 8.370130
19998030000 -0.392649 7.785944 8.647857
20037728000 -1.283292 9.088389 6.512228
20077099000 2.221819 6.876147 8.935161
20116243000 2.480393 5.200206 10.496181
20155562000 1.225831 6.157887 7.699753
20194633000 1.407791 6.157887 6.464345
20233479000 1.953669 5.880159 5.947197
20273095000 1.493982 5.784391 5.085284
20312214000 -0.172383 5.956774 3.964798
20351693000 -0.574608 6.071695 4.424485
20391210000 -1.101333 5.975927 5.458780
20430276000 -0.421380 6.349423 6.081272
20470154000 0.076614 6.876147 6.004658
20508039000 -0.220267 7.134721 7.029376
20548038000 0.344765 7.489063 8.657434
20587491000 0.344765 7.891289 7.738060
20627245000 -0.804452 7.977480 6.876147
20666131000 -1.225831 8.178593 7.412448
20705318000 -1.407791 7.153875 8.015787
20744169000 -1.484405 6.483498 6.799533
20783997000 -0.986411 6.320693 5.995081
20823115000 -0.153229 5.975927 6.856994
20861973000 -0.306458 4.922479 7.479486
20901385000 0.325611 4.242526 7.852982
20940908000 0.325611 4.462792 6.138733
20980158000 -0.009577 5.698200 3.916914
21019384000 0.603339 6.263232 4.951209
21058634000 0.181959 6.454768 7.211336
21097934000 0.545878 6.732495 9.117120
21137131000 -0.009577 7.374141 7.891289
21176442000 0.641646 7.249643 8.695741
21215762000 -0.450110 7.632715 7.795521
21255040000 0.268151 7.718906 6.607996
21294151000 1.015141 5.449203 9.720459
21333722000 0.708684 4.951209 9.241618
21372508000 -0.162806 5.612009 5.717354
21411628000 -0.440533 5.343858 5.257667
21451262000 0.028730 5.334281 6.253655
21490623000 -1.187524 5.937620 5.248090
21529854000 -1.551443 5.621585 6.339846
21569072000 -1.101333 5.793968 6.627151
21608341000 -1.407791 6.244078 6.320693
21647617000 -1.072602 6.148310 7.699753
21686890000 -1.130063 7.038953 7.038953
21726145000 -1.235408 7.115568 7.316680
21765757000 -1.704672 7.259220 8.015787
21804240000 -1.197101 7.661446 7.479486
21843962000 -0.861913 5.669470 9.394848
21882929000 -1.273715 5.803545 7.814674
21922191000 -1.915361 6.138733 6.799533
21961603000 -1.733402 5.535394 7.613562
22000808000 -0.737414 5.286397 7.527370
22040463000 -0.900220 4.845864 6.483498
22079258000 -0.708684 4.376601 5.602432
22118942000 -0.689530 4.453215 4.960786
22157805000 -0.976834 4.865018 5.200206
22197047000 -0.651223 5.583278 6.493075
22236320000 -0.201113 6.550536 7.632715
22275627000 -0.239420 7.383718 7.192182
22314937000 -0.411803 7.613562 8.925584
22354166000 -0.746991 8.475474 8.188169
22392526000 1.130063 6.569689 8.992621
22432234000 1.350330 4.836287 9.749189
22471224000 -0.248997 5.736507 6.933608
22510502000 0.593762 6.042965 6.694188
22550840000 2.269703 5.870583 6.981492
22589936000 1.905785 5.966351 5.765238
22628618000 -0.296881 6.167464 4.079720
22668127000 -0.641646 5.803545 4.989516
22706483000 -0.679953 5.669470 6.387730
22747090000 0.402226 6.397307 6.588843
22785000000 0.670376 6.828263 6.387730
22824151000 -0.325611 7.230489 6.512228
22863638000 -0.172383 7.536947 8.015787
22904024000 -0.210690 7.594408 8.925584
22942367000 -1.340753 8.293514 7.431602
22981071000 -0.105345 6.943185 8.389283
23021200000 -0.986411 5.841852 7.613562
23060929000 -1.810017 6.588843 5.257667
23099806000 -0.373495 6.119579 6.799533
23139009000 0.632069 5.544971 7.977480
23178230000 0.986411 5.612009 7.153875
23217628000 0.919373 5.449203 5.851429
23256895000 0.574608 5.506664 4.405331
23296061000 0.737414 5.832275 4.845864
23335391000 0.316035 5.985504 6.397307
23374739000 -0.450110 6.521805 7.240066
23414004000 -0.028730 7.431602 7.546524
23453088000 0.181959 8.149862 7.038953
23492025000 0.172383 7.958326 8.226477
23531538000 -0.459687 8.188169 8.331821
23571024000 0.430956 7.556100 7.058106
23610358000 1.465251 5.822699 8.159439
23649897000 2.240973 6.014235 7.163452
23688804000 1.972822 6.435614 4.836287
23727984000 1.810017 6.416461 4.089296
23767267000 1.695095 5.726931 6.282385
23806962000 1.082179 5.755661 6.971915
23845769000 -0.162806 6.607996 4.386178
23884944000 -0.028730 6.837840 4.616021
23923957000 0.191536 6.732495 6.177041
23963560000 -0.450110 6.904878 6.579266
24001866000 -0.660800 7.316680 7.220912
24040813000 0.028730 7.805098 7.393295
24080267000 0.306458 7.718906 8.331821
24119553000 -1.273715 8.054094 8.034941
24159720000 -1.340753 8.044518 6.856994
24199042000 -1.340753 6.416461 8.130709
24237867000 -1.503559 6.416461 6.981492
24278089000 -1.589750 6.665458 5.506664
24316837000 -0.392649 6.272809 6.234501
24356092000 0.488417 5.908890 6.962338
24395782000 0.268151 5.564125 6.445191
24434837000 0.306458 5.698200 4.778827
24473941000 0.143652 6.129156 4.204218
24513145000 0.402226 6.636727 5.401319
24552188000 0.565032 7.038953 6.809110
24591418000 0.689530 7.402872 7.374141
24630878000 0.316035 7.881712 7.211336
24669816000 0.603339 8.044518 7.278373
24709286000 0.459687 8.082825 8.226477
24748475000 0.679953 8.274361 7.354988
24787665000 1.350330 7.115568 8.236053
24827002000 1.685518 6.330269 8.437167
24866644000 2.576161 6.090849 6.761226
24905649000 1.781286 5.975927 4.922479
24944664000 1.359907 5.631162 4.922479
24984063000 1.656788 5.487510 4.730943
25022974000 0.134075 6.042965 3.792415
25062231000 -0.383072 6.454768 4.711789
25101518000 0.248997 6.598420 6.789956
25141117000 -0.344765 7.019799 6.560112
25180741000 -1.139640 7.613562 7.048530
25218904000 -0.842759 8.044518 7.642292
25258847000 -0.497994 8.130709 8.149862
25298573000 -1.867477 9.069236 6.110003
25337450000 -1.283292 8.054094 6.560112
25376636000 -1.455675 6.521805 8.006210
25415920000 -1.589750 6.847417 6.397307
25455628000 -1.637634 6.675035 5.181053
25494156000 -0.316035 5.707777 6.502652
25533570000 -0.727837 4.826711 7.259220
25572521000 -0.756568 4.663905 7.450756
25611825000 -0.402226 5.477933 5.679047
25651385000 -1.283292 6.828263 3.543418
25690593000 -0.440533 6.952762 5.468357
25729840000 -0.095768 7.010222 6.359000
25769164000 -0.756568 7.536947 6.138733
25808425000 0.162806 7.259220 8.169016
25847602000 -0.363919 7.441179 8.169016
25886996000 -0.450110 7.939173 6.397307
25926329000 2.106898 6.550536 8.676587
25965423000 2.614468 6.157887 9.088389
26004712000 2.422932 6.627151 6.780379
26044546000 1.321599 6.531382 5.305551
26083559000 0.660800 5.899313 5.985504
26122227000 0.459687 5.631162 6.081272
26161500000 -0.335188 6.224925 4.635174
26201219000 -1.168370 6.598420 3.983952
26240501000 0.497994 6.646304 6.339846
26279378000 0.766145 7.029376 6.454768
26319457000 -0.517148 7.287950 6.952762
26358316000 -0.028730 7.527370 8.207323
26397479000 -0.153229 7.651869 7.843405
26436855000 -2.135628 8.398860 7.211336
26476550000 -0.785298 7.757214 7.862558
26515480000 -0.287304 6.042965 8.667010
26554486000 -0.986411 6.291962 5.880159
26594336000 -0.967257 6.291962 5.784391
26633117000 -0.047884 5.928043 7.144298
26671996000 0.976834 5.803545 7.173028
26711644000 0.612916 5.602432 6.291962
26751358000 0.526724 5.707777 5.324705
26790276000 0.038307 6.186617 4.596867
26829544000 0.162806 6.521805 4.941632
26869080000 0.296881 6.943185 6.177041
26908134000 0.296881 7.374141 8.082825
26947087000 0.842759 8.111555 8.370130
26986677000 -0.086191 8.829816 8.207323
27026374000 0.009577 8.236053 8.465898
27065385000 1.024718 5.573701 9.864111
27104484000 -0.067038 4.836287 7.661446
27143991000 0.450110 5.669470 5.956774
27182980000 1.130063 5.832275 5.228937
27221903000 1.082179 5.525817 5.621585
27261432000 1.149217 5.707777 5.267244
27300912000 -0.488417 5.803545 5.161899
27340161000 -0.450110 6.157887 6.445191
27379302000 0.000000 6.818686 6.291962
27418661000 0.076614 6.847417 7.019799
27458326000 0.268151 7.134721 8.025364
27497272000 -0.057461 7.785944 7.297527
27536450000 -0.699107 7.843405 7.757214
27575693000 -1.790863 8.619126 6.263232
27614036000 -1.053449 7.240066 7.287950
27653438000 -1.101333 5.583278 8.255207
27693240000 -1.800440 6.186617 6.196194
27732152000 -1.762132 6.023811 6.301539
27771721000 -0.746991 5.612009 6.818686
27810993000 -0.095768 5.114015 7.144298
27850844000 -0.277727 4.740520 6.234501
27889761000 -0.536301 5.142745 5.477933
27929073000 -0.028730 5.612009 5.908890
27968298000 0.047884 6.177041 5.870583
28007632000 0.488417 6.560112 7.326257
28047353000 -0.450110 7.383718 6.828263
28086229000 0.047884 7.747637 6.665458
28125099000 1.072602 7.364564 9.107543
28164455000 -0.287304 8.350976 6.981492
28204110000 1.350330 6.809110 8.073248
28243076000 1.484405 5.544971 9.883265
28282203000 0.909797 6.196194 7.642292
28321362000 0.268151 6.234501 5.554548
28361592000 1.570596 5.286397 7.335834
28400389000 1.197101 5.439626 6.598420
28440007000 -0.469264 6.033388 3.677494
28478902000 -0.526724 6.100426 3.888184
28518180000 -0.497994 6.263232 4.960786
28557391000 -0.478840 6.244078 6.138733
28596734000 -0.325611 6.378153 6.856994
28636069000 0.019154 6.933608 7.412448
28675601000 0.430956 7.134721 8.465898
28714256000 -1.149217 7.642292 7.939173
28754063000 -0.842759 6.962338 8.992621
28793199000 -0.392649 5.123591 11.099519
28832195000 -1.398214 5.372589 8.609550
28871478000 -1.388637 5.085284 7.728483
28910474000 0.727837 5.219360 5.688623
28949556000 0.392649 4.280833 7.575254
28988797000 1.024718 4.357447 8.485051
29029337000 1.886631 5.200206 6.426037
29068465000 1.139640 5.947197 4.922479
29107590000 1.398214 5.995081 5.726931
29147070000 1.331176 5.928043 6.962338
29186318000 0.651223 6.177041 7.460332
29225631000 0.067038 6.713342 7.402872
29264387000 -0.335188 7.077260 7.623138
29304124000 -0.632069 7.747637 7.699753
29342787000 1.704672 6.665458 9.011775
29382081000 1.762132 4.328717 11.856087
29421429000 1.944092 5.037400 9.701305
29461183000 2.422932 6.052542 5.621585
29500422000 1.790863 5.382165 5.123591
29539729000 0.890643 4.683059 6.282385
29579105000 -0.574608 4.807557 5.640739
29618394000 -1.628057 5.295974 5.209783
29657670000 -0.842759 5.793968 5.276821
29696994000 -0.038307 6.023811 5.813122
29736229000 -0.210690 6.224925 6.483498
29775553000 -0.469264 6.904878 7.259220
29814254000 -0.718261 7.412448 8.178593
29854193000 -0.450110 7.757214 8.169016
29893298000 -1.522712 8.370130 6.914454
29932060000 -0.823605 6.540959 8.848969
29971855000 -1.283292 5.650316 9.107543
30011272000 -1.053449 6.282385 6.655881
30050466000 -0.134075 5.458780 7.422025
30089962000 0.469264 4.721366 8.140285
30127715000 0.507571 4.347870 7.958326
30168318000 -0.038307 4.118027 7.230489
30207544000 0.009577 4.539406 6.167464
30246604000 0.718261 5.104438 5.889736
30285857000 0.478840 5.468357 5.918467
30325126000 0.402226 5.746084 7.192182
30364134000 -0.335188 6.512228 6.646304
30403841000 0.181959 7.038953 6.885724
30442568000 -0.277727 7.096414 8.590396
30481989000 0.727837 7.374141 8.494628
30521698000 1.541866 6.129156 9.002198
30560748000 1.857901 5.142745 9.184157
30599955000 2.049437 5.726931 6.761226
30639013000 1.666364 5.726931 5.985504
30678534000 0.986411 5.257667 6.837840
30717772000 0.325611 5.363012 6.675035
30756996000 -0.229843 5.726931 5.803545
30796198000 0.009577 6.081272 5.621585
30835916000 0.277727 6.330269 5.928043
30874500000 -0.708684 6.560112 6.272809
30914050000 -0.746991 7.048530 7.058106
30952461000 -0.383072 7.603985 7.335834
30992167000 -0.469264 7.690176 7.843405
31031657000 -1.953669 8.456321 7.134721
31070994000 -0.670376 7.575254 7.805098
31110338000 -1.024718 5.851429 9.011775
31150010000 -1.359907 6.311116 6.943185
31188853000 -1.015141 6.263232 6.224925
31228080000 -0.354342 5.726931 6.512228
31267191000 0.296881 5.257667 6.837840
31306984000 -0.325611 5.008670 6.004658
31345835000 0.316035 5.200206 5.870583
31384758000 0.794875 5.870583 5.401319
31424138000 0.689530 6.512228 5.372589
31463802000 1.264138 6.684611 7.441179
31502252000 0.517148 7.220912 7.881712
31541574000 0.316035 7.527370 7.824251
31581183000 0.766145 7.527370 9.193734
31620948000 1.493982 8.054094 7.661446
31659823000 2.710236 7.038953 7.517793
31699158000 3.141193 5.679047 8.542512
31738401000 2.796427 5.650316 7.153875
31777711000 2.068590 5.937620 5.075707
31816844000 2.097321 5.669470 4.979939
31856265000 0.603339 5.650316 4.520253
31895577000 -0.593762 5.813122 4.568137
31934066000 -0.392649 5.975927 5.085284
31974191000 -0.076614 6.473921 5.363012
32013122000 -0.881066 6.943185 5.276821
32052207000 -0.373495 6.943185 7.699753
32092237000 -0.785298 7.632715 7.316680
32130939000 -0.814029 8.370130 6.732495
32170510000 -1.149217 9.260772 7.249643
32209754000 -1.063026 8.676587 8.983045
32248611000 -0.172383 6.904878 11.032481
32288335000 -2.260126 7.134721 6.722919
32327292000 -1.522712 6.598420 6.253655
32367209000 -0.134075 5.037400 7.613562
32406082000 -0.038307 4.395754 7.058106
32445508000 -0.134075 4.491522 5.075707
32484535000 0.172383 4.529830 3.964798
32524105000 0.277727 4.999093 3.007117
32562944000 0.536301 5.966351 3.323152
32602207000 0.497994 6.607996 5.363012
32641597000 0.076614 7.757214 6.809110
32680692000 0.392649 8.925584 7.584831
32719949000 1.379060 8.274361 11.999739
32759692000 1.043872 8.868123 9.710882
32798907000 2.624045 7.115568 9.212888
32838284000 2.451663 5.382165 9.662998
32877533000 1.819593 5.631162 6.406884
32916778000 1.426944 5.516241 4.587290
32955947000 1.120486 4.893748 5.382165
32995147000 -0.181959 4.817134 4.721366
33034117000 -0.478840 5.219360 4.529830
33073854000 -0.325611 6.100426 3.964798
33112523000 -0.248997 6.789956 4.654328
33152216000 0.114922 7.192182 6.933608
33191385000 -0.670376 7.795521 7.900866
33230720000 -0.737414 8.475474 7.833828
33269997000 -1.551443 8.734048 8.580819
33309626000 -0.948104 8.389283 7.632715
33348543000 0.268151 6.033388 9.078813
33387701000 -1.072602 5.985504 7.134721
33426917000 -1.513135 6.789956 5.640739
33466201000 -0.114922 5.832275 7.326257
33505425000 0.392649 5.181053 7.939173
33544230000 -0.028730 5.420473 5.908890
33583953000 0.268151 5.640739 5.075707
33623171000 0.948104 5.669470 4.989516
33662196000 1.177947 6.052542 5.238513
33701590000 0.785298 6.320693 6.330269
33740859000 0.402226 6.914454 7.460332
33780570000 0.143652 7.479486 7.967903
33819393000 0.191536 7.785944 8.341399
33858574000 0.316035 8.753201 7.623138
33897800000 2.020706 7.699753 7.996634
33937507000 2.202666 6.014235 9.117120
33976317000 1.886631 6.014235 7.709330
34015669000 2.164358 5.861006 5.324705
34055271000 1.637634 5.382165 4.836287
34093657000 0.248997 5.439626 4.347870
34133184000 -0.766145 5.870583 3.773262
34172195000 -0.699107 6.311116 4.022259
34211667000 -0.268151 6.770802 5.066131
34251226000 -0.986411 7.173028 5.918467
34290853000 -0.794875 7.393295 8.188169
34329679000 -0.450110 7.852982 8.906430
34368963000 -0.363919 8.312668 8.274361
34408364000 -1.599327 8.839393 7.297527
34447864000 -0.632069 7.326257 8.303091
34486745000 -0.967257 6.100426 7.623138
34525539000 -2.049437 6.780379 4.510676
34565378000 -1.091756 6.703765 5.592855
34604485000 0.679953 5.746084 7.460332
34643358000 0.354342 5.276821 6.856994
34682830000 0.181959 5.267244 5.803545
34722075000 1.072602 5.698200 5.219360
34762029000 0.823605 6.148310 4.855441
34801391000 0.804452 6.311116 6.320693
34840487000 0.469264 6.397307 8.063671
34879975000 -0.296881 7.105990 7.709330
34918992000 0.469264 7.498640 7.824251
34958054000 0.526724 7.929596 8.178593
34997606000 1.762132 7.326257 7.565677
35036912000 1.570596 4.826711 10.295067
35076247000 1.656788 5.008670 9.117120
35115478000 1.829170 5.832275 6.694188
35154675000 1.685518 6.100426 5.190629
35194278000 1.570596 6.148310 4.826711
35233521000 0.335188 6.033388 5.027823
35271818000 -0.277727 6.090849 5.544971
35311379000 -0.162806 6.368577 5.966351
35351627000 -0.565032 6.684611 5.937620
35390866000 -0.450110 7.278373 5.640739
35430010000 -0.124498 7.671022 7.163452
35469309000 0.153229 7.728483 8.197746
35508512000 -1.187524 8.283937 7.805098
35547825000 -0.967257 8.398860 6.847417
35586130000 -0.823605 6.895301 7.881712
35626396000 -1.915361 6.856994 6.349423
35665697000 -1.608904 6.598420 6.311116
35705168000 -0.258574 6.291962 6.588843
35744212000 0.565032 5.822699 6.387730
35783126000 0.565032 5.161899 6.569689
35822505000 0.229843 5.372589 5.334281
35862172000 0.670376 6.004658 5.018247
35901181000 1.158794 6.636727 5.420473
35940894000 1.264138 6.780379 6.138733
35980309000 0.909797 6.924031 7.651869
36019413000 0.153229 7.374141 7.785944
36058848000 -0.210690 7.939173 7.987057
36098127000 0.679953 7.699753 8.169016
36137398000 1.426944 5.937620 9.184157
36176755000 1.302446 5.889736 8.303091
36216137000 1.551443 6.224925 7.364564
36255715000 1.771709 6.426037 6.129156
36294472000 1.742979 6.349423 5.554548
36334367000 0.718261 6.253655 4.884171
36373110000 -0.009577 6.320693 4.357447
36412039000 -0.612916 6.751649 4.405331
36451621000 -0.833182 7.029376 5.353435
36491065000 -0.105345 7.192182 6.416461
36530335000 -0.306458 7.814674 6.330269
36569686000 0.162806 8.121132 7.891289
36608948000 -0.325611 8.561666 8.350976
36648181000 -0.526724 9.232041 5.995081
36687455000 0.095768 7.058106 7.939173
36726817000 -1.742979 6.828263 6.761226
36766044000 -1.810017 7.010222 5.631162
36805278000 -0.306458 6.215348 6.751649
36844078000 0.986411 5.631162 7.460332
36884300000 0.306458 5.238513 6.550536
36923158000 0.143652 5.075707 5.755661
36962047000 0.756568 5.640739 4.903325
37001356000 0.957681 6.311116 4.778827
37040623000 1.024718 6.435614 6.655881
37080236000 -0.095768 6.742072 7.441179
37119462000 -0.354342 7.546524 7.048530
37159221000 -0.459687 7.623138 8.561666
37198153000 -0.440533 8.571242 6.818686
37237365000 1.695095 7.738060 7.412448
37276563000 2.212242 5.401319 10.735600
37315896000 1.982399 5.985504 8.006210
37355079000 1.867477 6.493075 4.740520
37394212000 1.982399 6.186617 4.481946
37433644000 0.928950 5.832275 5.305551
37472228000 -0.497994 5.535394 5.497087
37512066000 -0.555455 5.870583 5.583278
37551154000 -0.660800 6.971915 4.367024
37590606000 -0.699107 7.345411 5.506664
37629945000 -0.651223 7.402872 7.144298
37669144000 -0.919373 7.996634 6.885724
37708401000 -0.900220 7.977480 7.987057
37748080000 -2.260126 8.456321 7.623138
37787066000 -0.679953 7.862558 7.115568
37825273000 -0.679953 6.320693 7.795521
37865327000 -1.417367 6.780379 5.908890
37904671000 -0.766145 6.406884 5.956774
37944032000 -0.153229 5.726931 6.866570
37982964000 0.402226 5.334281 7.182605
38022191000 0.172383 4.989516 6.866570
38061582000 0.162806 5.487510 5.908890
38101218000 1.110910 6.493075 4.797980
38140466000 0.833182 6.742072 5.305551
38179983000 0.938527 6.866570 6.991069
38219181000 0.287304 7.335834 7.153875
38258932000 0.622492 7.565677 7.393295
38297892000 0.028730 7.757214 7.948750
38336916000 1.379060 7.852982 6.789956
38376387000 2.375048 6.445191 7.843405
38415746000 1.388637 5.975927 8.580819
38454995000 2.068590 6.311116 7.412448
38494259000 1.934515 6.244078 5.947197
38534061000 1.187524 6.359000 4.836287
38572488000 0.392649 6.397307 4.367024
38612086000 -0.814029 6.253655 4.797980
38651386000 -1.082179 6.512228 5.257667
38691079000 -0.670376 6.895301 5.458780
38730005000 -0.670376 7.173028 6.684611
38769283000 -0.814029 7.536947 7.460332
38808610000 -0.344765 7.814674 8.006210
38848003000 -1.790863 8.303091 7.910442
38887119000 -1.704672 8.686164 6.205771
38926386000 -0.986411 6.818686 8.092402
38965749000 -2.547431 6.569689 7.259220
39005027000 -2.384625 6.780379 6.387730
39044149000 -0.861913 5.813122 7.240066
39083759000 -0.009577 5.123591 6.876147
39122509000 0.009577 4.826711 5.928043
39161881000 -0.239420 4.989516 5.114015
39201859000 0.641646 5.564125 4.979939
39240905000 1.139640 6.282385 5.487510
39280075000 0.861913 6.560112 7.010222
39319529000 0.823605 7.374141 7.163452
39358886000 0.392649 7.469909 8.599973
39398092000 0.612916 7.431602 10.256760
39437387000 -0.067038 8.609550 5.755661
39476659000 1.312023 7.115568 6.761226
39515847000 1.455675 5.621585 9.806650
39555122000 1.120486 6.224925 7.383718
39593932000 1.771709 6.378153 4.989516
39633895000 1.953669 5.889736 5.123591
39672834000 0.842759 5.937620 4.788404
39712052000 -0.086191 5.899313 4.683059
39751604000 -0.632069 6.138733 5.018247
39790982000 -0.727837 6.876147 5.018247
39830402000 -1.091756 7.019799 6.627151
39869699000 -1.063026 7.412448 7.335834
39909052000 -0.459687 7.776367 7.862558
39948356000 -1.264138 8.293514 8.532935
39987672000 -1.350330 8.580819 6.943185
40026869000 -0.890643 6.627151 7.843405
40066152000 -1.628057 6.311116 7.316680
40105603000 -1.886631 6.751649 5.918467
40144070000 -0.948104 5.918467 6.885724
40184075000 -0.057461 4.979939 7.383718
40223086000 -0.038307 4.788404 5.956774
40262470000 -0.296881 5.181053 4.577713
40301721000 0.440533 5.793968 5.037400
40341332000 1.130063 6.473921 5.822699
40379625000 1.053449 6.742072 7.067683
40419934000 0.833182 7.125144 8.025364
40458930000 0.210690 7.412448 7.814674
40498910000 0.565032 7.709330 8.389283
40538062000 0.603339 8.101978 6.809110
40577345000 2.135628 6.885724 6.914454
40616424000 1.168370 5.688623 8.255207
40655628000 0.727837 5.880159 8.523358
40694908000 1.733402 6.177041 6.991069
40734138000 1.455675 5.918467 5.851429
40773298000 1.225831 5.861006 5.497087
40812487000 -0.268151 5.966351 5.583278
40852067000 -0.545878 6.205771 5.564125
40890879000 0.105345 6.473921 5.659893
40930073000 -0.383072 6.799533 5.430049
40970136000 -0.383072 7.163452 6.722919
41009517000 -0.229843 7.489063 7.546524
41048839000 -0.756568 7.785944 8.054094
41088164000 -1.915361 8.590396 6.655881
41127813000 -0.469264 6.751649 8.485051
41166691000 -2.039860 5.535394 8.686164
41205918000 -2.001553 6.157887 6.809110
41245423000 -1.139640 5.822699 7.316680
41284361000 -0.335188 5.363012 7.718906
41323549000 -0.153229 5.324705 6.885724
41363186000 0.268151 5.315128 6.014235
41402193000 0.172383 5.171476 6.014235
41441734000 0.622492 5.707777 5.544971
41481715000 1.120486 6.406884 4.817134
41520633000 0.507571 6.885724 4.702212
41559911000 -0.057461 7.230489 6.167464
41599625000 0.833182 7.441179 8.169016
41638554000 0.095768 8.044518 8.101978
41677393000 1.589750 7.843405 8.188169
41716981000 2.097321 5.889736 11.137826
41756288000 2.202666 5.688623 9.289502
41795610000 2.193089 6.483498 5.305551
41834871000 2.126051 5.880159 4.568137
41874174000 2.001553 5.535394 4.702212
41913766000 0.143652 5.353435 5.152322
41952509000 -0.746991 5.487510 5.889736
41991803000 -0.555455 6.493075 5.975927
42031364000 -0.162806 7.192182 6.933608
42070667000 0.612916 7.508216 8.073248
42109907000 0.478840 7.699753 7.738060
42149286000 0.411803 7.450756 8.370130
42188496000 -1.685518 8.092402 7.067683
42227765000 -0.785298 7.259220 6.876147
42266933000 -0.507571 5.698200 8.006210
42306635000 -0.938527 6.320693 5.018247
42345510000 -1.216254 6.454768 4.663905
42384526000 -0.565032 5.880159 6.215348
42424498000 -0.009577 5.161899 7.192182
42463500000 -0.201113 5.200206 6.157887
42502248000 0.344765 5.822699 4.692636
42541507000 0.881066 5.956774 5.726931
42581455000 1.216254 6.023811 7.211336
42620094000 1.216254 6.607996 7.565677
42659610000 0.497994 7.182605 8.418014
42698861000 0.986411 7.517793 8.667010
42738579000 -0.114922 8.283937 6.617573
42777486000 1.714248 7.345411 7.038953
42816750000 1.762132 5.171476 10.017340
42856456000 0.995988 5.755661 7.881712
42895382000 1.704672 6.320693 4.874595
42933983000 2.106898 5.640739 5.477933
42973073000 1.072602 5.602432 5.018247
43012848000 -0.373495 6.042965 4.520253
43051768000 -0.641646 6.042965 6.167464
43091610000 -0.201113 6.675035 5.544971
43130935000 -0.201113 7.144298 5.391742
43170607000 -0.632069 7.307104 7.249643
43209818000 -0.957681 7.738060 7.498640
43248713000 -0.794875 8.015787 7.948750
43288011000 -1.915361 8.753201 6.244078
43327260000 -0.383072 7.278373 7.613562
43366438000 -1.024718 6.033388 8.465898
43405751000 -2.336741 6.809110 5.956774
43444980000 -1.139640 6.435614 6.435614
43483855000 0.258574 5.449203 7.307104
43523804000 0.258574 5.018247 6.368577
43562962000 -0.229843 5.181053 5.602432
43602267000 0.555455 5.746084 5.717354
43641468000 1.235408 6.263232 5.516241
43681147000 1.484405 6.426037 6.646304
43720514000 1.091756 6.722919 7.498640
43759393000 0.363919 7.431602 7.058106
43798720000 0.794875 7.632715 7.881712
43838360000 0.095768 8.073248 7.278373
43877307000 1.225831 7.527370 6.540959
43916155000 1.005565 5.497087 8.609550
43955735000 0.555455 5.746084 7.805098
43995170000 1.848324 6.493075 5.248090
44034267000 2.557007 6.119579 5.056554
44073968000 1.455675 6.042965 5.248090
44112821000 0.660800 6.435614 5.554548
44152004000 0.019154 6.694188 5.449203
44191587000 0.067038 6.962338 5.525817
44230928000 -0.191536 7.029376 6.751649
44269591000 -0.143652 7.105990 7.833828
44309410000 -0.545878 7.517793 7.517793
44348344000 -0.057461 7.824251 7.402872
44388414000 -2.595315 8.877700 6.655881
44427297000 -0.335188 8.063671 6.962338
44466583000 1.168370 5.985504 8.044518
44505838000 -1.484405 6.445191 5.200206
44545217000 -0.775721 6.320693 6.100426
44584231000 -0.325611 5.219360 7.517793
44623701000 0.000000 4.951209 7.077260
44662533000 0.699107 5.238513 6.483498
44702167000 1.130063 5.477933 6.177041
44741137000 1.359907 6.023811 5.698200
44780706000 0.976834 6.493075 5.774815
44819974000 0.488417 6.818686 7.096414
44859140000 0.124498 7.479486 7.594408
44898328000 0.679953 7.824251 8.571242
44937721000 0.105345 8.379706 7.671022
44977066000 0.746991 7.584831 6.282385
45016243000 1.819593 5.046977 9.567230
45055505000 1.379060 5.228937 8.408437
45094708000 2.260126 6.205771 6.148310
45134154000 2.135628 5.928043 5.793968
45173498000 1.704672 6.119579 5.688623
45212053000 0.009577 6.205771 5.209783
45251634000 -0.919373 6.167464 5.171476
45291264000 -0.057461 6.569689 5.544971
45330447000 0.000000 7.038953 5.650316
45370181000 -0.651223 7.105990 6.789956
45409164000 -0.536301 7.536947 7.326257
45448307000 -0.574608 7.833828 6.933608
45487637000 -2.403779 8.140285 7.632715
45526864000 -2.126051 7.824251 7.671022
45566122000 -1.905785 6.540959 8.437167
45605376000 -2.710236 6.837840 6.129156
45644269000 -2.126051 6.598420 6.196194
45683753000 -0.727837 5.487510 7.383718
45723189000 -0.095768 4.874595 7.249643
45762160000 -0.775721 4.692636 6.215348
45801568000 -0.584185 4.759673 5.707777
45841062000 0.651223 5.458780 5.487510
45880378000 0.143652 6.148310 5.181053
45920090000 0.210690 6.540959 6.856994
45958901000 -0.268151 6.933608 8.082825
45998219000 0.057461 7.278373 8.552089
46038026000 -0.584185 7.776367 8.791509
46076978000 0.718261 7.948750 7.469909
46116082000 1.197101 5.602432 9.471462
46155360000 0.852336 4.951209 9.289502
46194721000 1.570596 6.004658 6.933608
46233961000 1.407791 6.378153 4.577713
46273121000 1.244985 6.330269 4.750096
46312172000 0.258574 6.435614 4.903325
46351727000 -0.622492 6.196194 4.558560
46391084000 0.067038 6.272809 5.219360
46430272000 -0.632069 6.512228 4.903325
46469592000 -0.995988 6.722919 6.129156
46508878000 -0.459687 7.335834 7.163452
46548096000 -0.296881 8.169016 7.249643
46587420000 -0.823605 8.398860 8.839393
46626690000 -1.656788 8.494628 8.092402
46666014000 -1.034295 6.330269 9.145850
46705642000 -0.861913 5.257667 7.977480
46744221000 -1.513135 6.272809 5.200206
46783911000 -1.264138 5.602432 6.196194
46823225000 0.229843 4.529830 8.207323
46862136000 -0.258574 4.529830 7.048530
46901671000 0.287304 4.874595 6.071695
46940924000 1.666364 5.353435 5.238513
46980402000 1.465251 6.023811 4.817134
47019792000 1.053449 6.435614 6.483498
47058965000 0.488417 6.569689 7.249643
47098223000 -0.871489 7.240066 6.512228
47137896000 -0.785298 7.393295 8.360553
47176874000 -0.335188 7.862558 8.896853
47216079000 0.038307 7.824251 7.105990
47255382000 1.292869 5.219360 10.371682
47294101000 1.340753 4.520253 10.706870
47334009000 0.009577 5.497087 6.722919
47372836000 -0.488417 5.602432 4.999093
47412075000 0.210690 5.631162 4.893748
47451538000 0.469264 6.100426 4.357447
47491035000 -1.244985 5.975927 4.759673
47530412000 -0.478840 5.861006 6.521805
47569740000 -0.536301 6.186617 6.148310
47608853000 -1.149217 6.320693 6.416461
47648204000 -0.191536 6.904878 7.920019
47687438000 -0.402226 7.450756 7.920019
47726915000 -0.440533 7.575254 7.623138
47766074000 -1.273715 7.881712 7.422025
47805042000 -1.503559 6.330269 9.174581
47844472000 -1.857901 5.554548 8.925584
47883963000 -1.225831 5.803545 7.316680
47923118000 -1.465251 5.238513 7.364564
47962096000 -0.708684 4.932055 7.747637
48001491000 -0.574608 4.587290 7.316680
48041074000 -0.411803 4.050989 6.885724
48080539000 0.162806 4.050989 6.694188
48119802000 -0.488417 4.663905 5.363012
48158980000 0.268151 5.209783 5.947197
48198257000 0.373495 5.985504 6.943185
48237293000 0.517148 7.019799 6.665458
48276837000 0.938527 7.259220 8.274361
48316102000 -0.038307 8.149862 8.140285
48355312000 1.618480 6.799533 9.509769
48394216000 1.369483 4.558560 11.348516
48433951000 1.120486 5.238513 7.852982
48473067000 2.030283 5.516241 6.550536
48512014000 1.800440 5.056554 6.540959
48551688000 1.197101 4.759673 6.856994
48590859000 0.948104 5.458780 5.583278
48630331000 -0.641646 5.899313 4.932055
48669784000 0.660800 5.975927 7.259220
48708832000 1.493982 6.052542 7.460332
48748141000 1.273715 6.263232 4.414908
48787292000 1.101333 6.521805 6.157887
48826356000 2.049437 7.479486 7.929596
48866122000 0.660800 7.642292 8.082825
48905526000 -0.373495 8.092402 7.929596
48944325000 -0.354342 7.153875 8.772355
48983787000 -0.708684 5.363012 9.797073
49022514000 -0.622492 6.023811 7.489063
49062065000 -0.794875 5.688623 6.847417
49101297000 -0.363919 4.625597 7.718906
49140716000 0.325611 4.118027 7.747637
49179927000 0.689530 4.041412 6.904878
49219671000 0.900220 4.252102 6.148310
49258614000 0.900220 4.826711 5.449203
49297857000 1.292869 5.449203 6.272809
49337044000 1.283292 5.928043 7.661446
49376443000 0.804452 7.096414 7.920019
49415685000 0.833182 7.153875 10.477027
49454953000 -0.038307 7.623138 9.730036
49494116000 0.871489 7.307104 7.594408
49533709000 1.561020 4.826711 9.136273
49572193000 0.181959 4.596867 8.188169
49611606000 0.708684 5.535394 5.813122
49651246000 1.072602 5.707777 4.232949
49690643000 1.580173 5.382165 5.142745
49729802000 1.369483 5.592855 6.119579
49769023000 -0.258574 5.793968 5.793968
49808647000 -0.488417 6.157887 6.253655
49847559000 0.229843 6.435614 6.598420
49886769000 0.009577 6.502652 7.220912
49925971000 -0.785298 7.163452 7.594408
49965346000 -0.363919 7.584831 7.852982
50004167000 -1.733402 7.900866 8.073248
50043845000 -1.350330 8.322245 7.173028
50082865000 -0.383072 5.746084 9.816227
50122004000 -1.714248 5.688623 7.785944
50161522000 -1.714248 6.263232 5.564125
50201185000 -0.995988 5.209783 6.426037
50240583000 -0.421380 4.587290 7.498640
50279434000 0.402226 4.539406 7.412448
50318675000 0.507571 4.453215 7.163452
50357954000 1.177947 5.037400 6.196194
50397401000 0.919373 5.688623 5.018247
50436561000 0.517148 6.033388 6.205771
50475871000 0.220267 6.665458 7.661446
50515680000 -0.421380 7.441179 7.460332
50554557000 0.134075 7.852982 8.331821
50593811000 0.967257 7.795521 7.556100
50632178000 2.164358 5.353435 9.749189
50671971000 1.493982 4.845864 9.165004
50711469000 1.436521 5.506664 7.058106
50750641000 1.924938 5.841852 5.861006
50790046000 1.666364 5.573701 6.301539
50829174000 0.268151 5.669470 5.803545
50868602000 -0.957681 5.995081 5.602432
50907846000 -0.612916 6.234501 6.445191
50946942000 0.181959 6.493075 6.560112
50985614000 0.162806 6.655881 6.253655
51025615000 -0.584185 7.058106 6.607996
51064921000 -0.296881 7.422025 7.182605
51104545000 -0.459687 7.364564 7.805098
51143361000 -1.829170 8.159439 7.153875
51182462000 -0.469264 7.412448 7.460332
51222465000 -1.407791 6.081272 8.073248
51261157000 -2.135628 6.703765 6.330269
51300561000 -1.216254 6.454768 6.646304
51340404000 0.517148 5.688623 7.920019
51379044000 0.833182 5.477933 6.962338
51418548000 0.162806 5.286397 5.726931
51457748000 0.488417 5.525817 5.707777
51497092000 1.417367 6.071695 5.525817
51536396000 1.168370 6.550536 5.267244
51575609000 1.350330 6.588843 6.933608
51615366000 0.900220 6.971915 7.824251
51654562000 0.842759 7.086837 8.456321
51693450000 0.689530 7.661446 7.498640
51732475000 2.087744 6.991069 7.163452
51772209000 1.685518 5.305551 9.624691
51811206000 1.819593 5.420473 8.341399
51850667000 1.762132 5.726931 5.784391
51889998000 0.976834 5.870583 5.094861
51929298000 0.823605 5.918467 5.621585
51968505000 0.114922 5.803545 6.205771
52007850000 -0.459687 6.033388 6.493075
52047184000 -0.450110 6.665458 6.062119
52086443000 -0.038307 6.856994 6.828263
52125730000 -1.072602 7.048530 7.182605
52165158000 -0.861913 7.450756 7.441179
52204488000 -0.689530 7.594408 8.360553
52243792000 -2.001553 8.360553 6.933608
52282514000 -0.134075 7.038953 8.398860
52322226000 -1.101333 5.688623 8.714894
52361419000 -1.551443 6.349423 6.320693
52400835000 -0.919373 5.899313 6.167464
52440143000 0.153229 5.449203 7.211336
52479466000 0.421380 5.487510 6.675035
52518891000 0.593762 5.209783 6.876147
52558181000 0.881066 5.123591 6.818686
52597410000 0.861913 5.612009 5.841852
52636676000 0.852336 5.765238 6.196194
52675960000 0.689530 6.148310 6.732495
52715302000 -0.047884 6.943185 6.598420
52754608000 0.181959 7.115568 7.728483
52794043000 -0.038307 7.757214 7.795521
52833193000 1.398214 7.402872 7.795521
52872146000 1.838747 5.104438 11.396400
52911669000 1.235408 5.334281 9.327810
52951201000 1.608904 5.717354 6.224925
52990529000 1.465251 5.841852 4.884171
53030058000 1.455675 5.698200 5.525817
53069038000 -0.114922 5.267244 5.861006
53108180000 -0.986411 5.334281 5.918467
53147883000 -0.248997 5.688623 6.406884
53185953000 0.344765 6.090849 6.406884
53226415000 -0.220267 6.665458 6.454768
53265552000 -0.488417 7.144298 7.335834
53303943000 -0.737414 7.536947 7.383718
53344014000 -1.484405 8.216900 7.297527
53383130000 -2.480393 8.781932 6.598420
53422249000 -1.283292 6.244078 10.342952
53461449000 -1.685518 5.937620 8.896853
53501070000 -2.365471 6.560112 6.435614
53540375000 -1.312023 5.525817 7.412448
53579773000 -0.162806 4.692636 8.456321
53619003000 -0.306458 4.520253 6.828263
53658567000 -0.172383 4.491522 6.110003
53697454000 0.296881 4.424485 6.330269
53736784000 0.114922 4.989516 5.410896
53776181000 0.632069 5.889736 4.932055
53815381000 0.555455 6.540959 5.525817
53854279000 0.469264 7.278373 6.330269
53893988000 0.852336 7.603985 8.753201
53933071000 0.220267 8.255207 7.900866
53972051000 1.848324 6.473921 10.333375
54011568000 1.790863 5.171476 11.616667
54050939000 1.790863 5.832275 7.843405
54089197000 1.063026 6.215348 4.683059
54128809000 1.656788 5.841852 4.778827
54168135000 1.225831 5.669470 5.334281
54208392000 -0.632069 5.880159 4.022259
54247658000 -0.756568 6.148310 5.027823
54287206000 0.229843 6.301539 6.253655
54326274000 -0.277727 6.512228 5.746084
54365427000 -0.622492 7.010222 6.895301
54404790000 -0.584185 7.594408 7.546524
54444103000 -0.526724 7.728483 8.638280
54482428000 -2.097321 8.341399 7.613562
54522150000 -1.206678 6.521805 9.634268
54561728000 -2.039860 5.046977 10.208876
54600995000 -1.790863 5.650316 7.412448
54640293000 -0.957681 5.554548 6.311116
54679502000 -0.766145 5.066131 6.607996
54718915000 -0.469264 4.750096 6.684611
54758148000 0.316035 4.520253 6.550536
54797370000 0.871489 4.606444 6.579266
54836531000 1.350330 5.401319 6.071695
54875857000 1.656788 5.822699 6.186617
54914717000 0.421380 6.129156 7.747637
54954337000 0.555455 6.607996 8.848969
54992951000 0.603339 7.211336 9.500193
55032069000 0.134075 8.446744 6.847417
55071599000 2.336741 5.937620 10.611102
55111405000 1.752556 4.481946 11.616667
55150658000 1.235408 5.410896 7.019799
55190034000 1.388637 5.382165 5.152322
55229244000 1.312023 4.932055 5.209783
55267949000 0.258574 4.692636 5.698200
55307760000 -0.565032 4.893748 5.209783
55346590000 -0.440533 6.033388 4.089296
55386268000 -0.430956 6.732495 3.677494
55425591000 -0.814029 6.531382 6.042965
55464281000 -0.986411 6.933608 8.245630
55503787000 -0.852336 7.412448 8.954314
55542748000 -1.742979 8.485051 7.699753
55581788000 0.143652 7.192182 8.494628
55621326000 0.229843 5.420473 9.490616
55661061000 -1.312023 6.186617 6.397307
55699029000 -1.254562 5.688623 7.182605
55739671000 -0.287304 4.730943 8.513782
55778103000 0.105345 4.616021 7.508216
55817911000 0.756568 4.568137 6.665458
55857118000 1.139640 4.625597 5.726931
55896325000 0.306458 4.903325 5.027823
55935636000 0.861913 5.123591 6.157887
55974574000 0.746991 5.602432 7.201759
56014095000 -0.086191 6.694188 7.536947
56053177000 0.622492 6.856994 9.471462
56092225000 0.517148 7.632715 9.538500
56131422000 1.838747 7.795521 7.699753
56170985000 1.953669 4.683059 10.984597
56210281000 1.120486 4.165911 10.735600
56249314000 0.900220 4.750096 6.742072
56288877000 0.890643 4.893748 5.190629
56328041000 1.848324 4.855441 5.564125
56367653000 0.411803 5.104438 5.248090
56406982000 -0.555455 5.257667 6.569689
56445874000 0.392649 5.516241 7.718906
56485020000 0.651223 6.004658 6.569689
56524107000 0.373495 6.349423 6.569689
56563877000 0.325611 6.713342 8.140285
56602220000 0.565032 7.000646 8.839393
56641796000 -0.555455 7.613562 7.891289
56681334000 -0.440533 7.651869 7.211336
56720760000 0.488417 5.410896 10.266336
56759932000 -0.852336 5.468357 7.795521
56799204000 -1.053449 6.014235 5.966351
56838763000 0.095768 4.865018 8.101978
56877707000 1.388637 4.041412 9.011775
56916262000 0.526724 4.367024 6.675035
56955958000 0.679953 4.845864 4.951209
56995292000 1.733402 5.497087 4.702212
57034408000 1.599327 5.966351 4.673482
57074398000 2.030283 5.937620 6.445191
57112677000 1.465251 6.311116 7.441179
57152181000 0.938527 7.029376 8.159439
57191434000 1.254562 7.527370 9.327810
57231000000 0.814029 7.795521 8.226477
57270729000 2.652776 5.688623 10.007763
57309114000 1.800440 4.290410 11.070788
57348819000 0.746991 5.382165 7.776367
57388152000 1.685518 5.966351 4.539406
57426454000 1.503559 4.932055 5.774815
57465709000 1.503559 4.730943 8.092402
57506096000 0.632069 5.573701 5.583278
57545733000 -1.063026 5.793968 4.510676
57584350000 -0.268151 5.908890 6.378153
57623957000 -0.057461 6.110003 6.186617
57662530000 -0.632069 6.320693 6.339846
57702701000 -0.670376 6.684611 8.130709
57741779000 -0.277727 7.364564 8.101978
57781039000 -1.915361 8.140285 7.613562
57820310000 -0.440533 7.307104 8.456321
57859218000 -0.497994 5.535394 9.797073
57898951000 -2.106898 6.359000 6.751649
57938183000 -1.493982 5.832275 6.330269
57976868000 -0.517148 4.587290 7.757214
58016684000 -0.574608 4.510676 7.536947
58055928000 -0.488417 4.424485 7.038953
58095309000 0.383072 4.424485 6.732495
58134352000 0.162806 4.922479 5.650316
58173887000 0.814029 5.487510 6.560112
58212550000 0.450110 5.602432 7.460332
58252128000 -0.536301 6.406884 7.096414
58291016000 -0.718261 7.029376 7.536947
58329935000 -0.718261 7.383718 8.542512
58370087000 -0.210690 7.680599 7.010222
58408790000 2.126051 4.817134 10.237606
58448704000 1.771709 4.683059 8.868123
58487948000 1.206678 5.956774 6.110003
58526805000 1.934515 6.129156 5.477933
58566095000 2.260126 5.439626 7.086837
58605337000 1.072602 5.382165 7.125144
58644098000 -0.258574 5.621585 6.042965
58683898000 -1.235408 5.956774 5.458780
58723117000 -0.814029 5.813122 6.981492
58762222000 -0.316035 5.698200 7.939173
58801785000 -0.296881 6.282385 7.220912
58840822000 -0.450110 6.943185 6.339846
58880610000 0.316035 6.933608 7.326257
58919533000 -1.197101 7.374141 6.962338
58958663000 -0.718261 7.680599 6.023811
58998046000 -0.852336 5.612009 9.749189
59037368000 -1.273715 5.975927 8.820239
59076928000 -0.536301 5.765238 8.753201
59115817000 0.105345 4.692636 8.676587
59155512000 0.536301 4.347870 7.757214
59194515000 0.928950 3.840300 7.623138
59233786000 1.082179 3.763685 6.569689
59272996000 0.727837 4.261679 5.171476
59312246000 0.909797 4.683059 5.554548
59351519000 0.727837 5.046977 7.173028
59390901000 0.459687 6.234501 7.623138
59430574000 0.019154 6.847417 8.829816
59469476000 -0.555455 7.671022 8.695741
59508694000 1.388637 7.201759 8.542512
59548032000 1.388637 4.970363 10.668563
59587260000 0.009577 5.535394 8.504205
59625646000 -0.105345 5.564125 7.192182
59665725000 0.976834 5.410896 7.105990
59705260000 1.359907 5.736507 6.579266
59744562000 0.459687 5.707777 6.512228
59783756000 -0.766145 5.343858 6.751649
59822502000 -0.478840 5.544971 6.301539
59862210000 -0.038307 6.042965 5.353435
59901337000 0.047884 6.349423 5.746084
59940837000 -0.555455 6.847417 7.402872
59980195000 -0.105345 7.354988 8.063671
60019784000 -0.105345 7.249643 8.092402
60058636000 -2.499547 8.111555 7.192182
60097842000 -0.047884 6.560112 9.576807
60137234000 -1.072602 4.912902 9.011775
60176412000 -0.909797 6.090849 5.870583
60215660000 -0.220267 5.937620 5.870583
60255446000 0.153229 5.142745 7.192182
60294170000 0.584185 4.893748 7.249643
60333718000 0.689530 4.625597 6.809110
60372490000 0.526724 4.730943 6.244078
60411991000 0.938527 5.401319 5.305551
60451206000 0.689530 5.717354 5.659893
60490700000 0.526724 6.023811 7.374141
60530074000 -0.181959 6.895301 7.460332
60569714000 0.038307 7.469909 7.939173
60608945000 0.009577 7.862558 9.433155
60647906000 0.833182 7.920019 8.532935
60687230000 1.312023 5.861006 9.739613
60726379000 1.187524 5.133168 9.548077
60766112000 0.861913 5.506664 7.326257
60805081000 1.130063 5.717354 6.349423
60844516000 1.618480 6.014235 5.497087
60883826000 0.421380 6.042965 4.740520
60922973000 -0.114922 5.956774 5.018247
60962035000 -0.450110 6.148310 5.305551
61001443000 -0.517148 6.311116 5.746084
61040379000 0.421380 6.483498 6.636727
61080306000 0.335188 6.876147 8.101978
61119465000 0.076614 7.536947 7.374141
61158807000 0.057461 7.460332 7.661446
61198116000 -2.269703 8.341399 6.904878
61237320000 -0.708684 7.431602 8.121132
61276508000 -0.766145 6.167464 8.686164
61316241000 -1.513135 6.885724 6.196194
61355207000 -0.632069 6.263232 6.368577
61394504000 -0.153229 4.932055 7.374141
61433810000 -0.277727 4.539406 6.473921
61472648000 -0.239420 4.481946 5.966351
61511994000 0.679953 4.970363 5.238513
61551347000 1.043872 5.899313 4.568137
61591247000 1.388637 6.138733 6.406884
61630127000 1.091756 6.311116 8.331821
61669340000 0.335188 7.105990 8.149862
61709148000 0.411803 7.345411 8.657434
61748372000 -0.019154 7.843405 8.015787
61787199000 1.704672 7.201759 7.632715
61826463000 1.819593 5.123591 9.586384
61866222000 0.909797 5.803545 7.785944
61905358000 1.742979 5.841852 6.866570
61944172000 2.231396 5.458780 6.426037
61982872000 2.260126 5.659893 5.497087
62022183000 0.612916 5.516241 5.343858
62061648000 -0.679953 5.286397 6.167464
62101212000 -0.526724 5.956774 6.291962
62140523000 0.047884 6.359000 6.454768
62180242000 -0.201113 6.789956 6.856994
62219497000 0.124498 7.383718 7.776367
62258332000 0.632069 7.671022 8.341399
62297706000 -0.785298 8.207323 7.699753
62337002000 -0.660800 8.370130 6.493075
62376169000 0.354342 6.071695 9.576807
62415501000 -1.187524 6.052542 7.192182
62454617000 -1.187524 6.253655 5.765238
62494083000 0.124498 5.525817 6.751649
62533119000 0.995988 5.209783 6.847417
62572187000 0.737414 5.008670 6.406884
62611546000 1.072602 4.788404 6.224925
62651122000 0.746991 4.989516 5.793968
62690382000 0.737414 5.506664 5.583278
62730147000 1.197101 5.506664 6.665458
62768976000 0.411803 6.234501 7.460332
62808292000 0.277727 6.818686 8.628703
62847540000 0.268151 7.393295 9.806650
62887173000 1.264138 7.738060 8.590396
62926032000 2.202666 4.817134 11.482592
62965283000 1.455675 4.242526 10.400413
63004204000 1.637634 4.625597 6.732495
63043231000 0.727837 4.683059 4.970363
63083078000 1.829170 4.558560 6.042965
63121987000 0.593762 4.616021 6.617573
63161594000 -0.881066 4.941632 6.540959
63201009000 0.191536 5.497087 7.297527
63240296000 0.948104 6.291962 6.751649
63279639000 0.660800 6.473921 7.287950
63318926000 0.526724 6.550536 8.322245
63358081000 -0.201113 7.115568 7.843405
63397393000 -1.465251 7.575254 8.063671
63437077000 -1.675941 7.785944 7.077260
63476009000 -0.009577 5.880159 9.279925
63515188000 -0.603339 5.679047 8.188169
63554260000 -0.995988 6.282385 6.148310
63593694000 -0.134075 5.535394 6.866570
63632786000 0.440533 4.769250 7.613562
63672079000 0.421380 4.817134 7.105990
63711434000 0.746991 5.123591 6.062119
63751295000 0.823605 5.583278 5.343858
63790254000 0.766145 6.301539 6.071695
63829955000 0.402226 6.818686 6.368577
63868859000 0.201113 7.048530 7.824251
63908441000 1.034295 7.077260 8.695741
63946971000 1.197101 7.489063 8.207323
63987051000 2.260126 7.105990 7.661446
64025911000 2.882619 4.865018 11.089942
64065154000 1.982399 5.209783 8.446744
64104106000 1.790863 5.449203 5.430049
64143163000 2.078167 5.401319 5.276821
64182937000 1.513135 5.659893 4.156334
64222173000 0.392649 5.707777 4.357447
64261420000 -0.699107 5.669470 5.554548
64300932000 -0.325611 6.138733 6.138733
64340162000 -0.181959 6.607996 6.253655
64379987000 -0.488417 6.483498 7.383718
64418930000 -0.191536 6.445191 8.408437
64458220000 -0.507571 6.770802 8.446744
64497859000 -0.852336 7.211336 8.772355
64536871000 -1.149217 8.054094 6.895301
64576138000 -0.095768 6.205771 8.916007
64615809000 -1.446098 5.726931 8.034941
64654526000 -1.379060 6.512228 5.889736
64694032000 -0.881066 6.148310 5.813122
64733199000 0.421380 5.516241 7.105990
64772186000 0.450110 5.066131 7.067683
64811687000 0.612916 5.066131 6.196194
64851168000 0.814029 5.257667 5.410896
64890430000 0.928950 5.707777 5.535394
64929821000 0.967257 6.090849 6.636727
64969120000 0.938527 6.387730 7.948750
65008808000 0.402226 6.617573 10.544065
65047822000 0.430956 6.780379 10.496181
65086985000 0.335188 7.268796 8.772355
65126281000 1.235408 7.374141 6.684611
65165589000 2.470816 5.612009 9.030929
65204563000 2.059013 5.315128 8.485051
65244013000 1.695095 5.899313 6.129156
65283167000 1.225831 5.765238 5.813122
65322173000 0.794875 5.822699 5.286397
65361598000 -0.124498 5.889736 4.462792
65401112000 -0.660800 6.090849 4.347870
65440537000 -0.699107 6.426037 4.587290
65479771000 -0.699107 6.502652 5.391742
65519359000 -0.727837 6.751649 6.770802
65558337000 -0.727837 7.354988 7.163452
65597678000 -0.507571 7.527370 8.264784
65636900000 -1.762132 8.513782 7.182605
65676108000 -0.699107 8.044518 6.885724
65715500000 -1.130063 6.502652 8.868123
65754586000 -1.867477 6.694188 7.489063
65793997000 -1.407791 6.426037 7.019799
65832992000 0.268151 5.458780 7.833828
65872071000 0.402226 4.865018 7.412448
65911648000 0.134075 4.711789 6.550536
65950913000 1.082179 4.807557 6.148310
65990295000 1.254562 5.152322 5.295974
66029589000 1.398214 5.688623 5.564125
66068812000 1.283292 6.129156 6.952762
66107691000 0.440533 7.125144 7.259220
66147790000 1.120486 7.910442 7.230489
66186617000 1.063026 7.967903 8.542512
66225878000 1.379060 8.006210 8.992621
66265501000 2.202666 6.110003 9.452309
66304537000 1.570596 5.506664 8.197746
66343428000 1.896208 5.880159 6.924031
66382513000 2.221819 5.583278 6.665458
66422070000 2.470816 5.631162 5.870583
66461400000 1.082179 5.813122 5.161899
66500668000 0.162806 5.688623 5.928043
66539825000 0.536301 5.765238 6.579266
66579584000 -0.162806 6.129156 5.114015
66618282000 -0.823605 6.426037 4.453215
66657646000 -1.101333 6.971915 4.750096
66696897000 -1.254562 7.469909 6.263232
66735827000 -0.277727 7.584831 8.571242
66775378000 -1.656788 8.753201 7.757214
66814396000 -1.139640 7.776367 7.900866
66853548000 -0.928950 6.569689 8.705317
66892870000 -1.666364 7.077260 6.799533
66932058000 -0.593762 6.234501 7.795521
66971591000 0.411803 4.979939 8.169016
67010806000 0.028730 4.529830 6.636727
67049957000 -0.344765 4.692636 5.114015
67089445000 0.775721 5.018247 5.736507
67129012000 1.446098 5.353435 6.416461
67167664000 1.580173 5.592855 6.675035
67207553000 1.235408 6.119579 7.240066
67246564000 0.785298 7.038953 7.814674
67285626000 1.110910 6.924031 9.816227
67325287000 2.068590 7.345411 9.844957
67364146000 4.165911 6.646304 8.695741
67403566000 3.093309 5.774815 8.695741
67442448000 1.580173 5.592855 8.331821
67481650000 0.124498 5.008670 7.192182
67521289000 0.469264 5.142745 5.698200
67560485000 0.632069 5.966351 3.466804
67599762000 0.296881 6.119579 3.313575
67639027000 1.101333 6.416461 4.893748
67678308000 -0.919373 7.163452 4.462792
67717499000 -1.944092 7.603985 4.903325
67756742000 -1.072602 7.603985 7.058106
67796056000 -0.086191 7.939173 8.063671
67835296000 -0.641646 8.446744 8.044518
67874477000 -1.599327 9.107543 7.958326
67913863000 0.057461 8.111555 8.868123
67952698000 -0.785298 6.665458 8.437167
67992233000 -1.197101 6.646304 6.703765
68031725000 -1.063026 6.157887 6.406884
68070949000 -0.392649 5.161899 7.096414
68110324000 0.316035 4.922479 7.086837
68149552000 0.172383 4.979939 6.205771
68189347000 0.986411 5.152322 4.807557
68228041000 0.430956 5.975927 3.610456
68267702000 -0.277727 6.081272 4.414908
68306929000 -0.028730 6.895301 5.430049
68345280000 -1.034295 7.728483 5.516241
68385257000 -1.647211 7.881712 6.684611
68424178000 -0.833182 7.795521 7.134721
68463782000 0.335188 8.571242 5.458780
68502453000 1.944092 8.293514 6.789956
68541803000 3.265691 7.201759 10.582372
68581010000 2.250550 7.249643 8.609550
68620557000 1.455675 7.019799 6.205771
68659723000 2.126051 6.512228 5.066131
68699455000 1.541866 6.560112 4.462792
68738363000 1.302446 5.621585 6.320693
68777514000 -0.450110 6.512228 6.962338
68817011000 -0.497994 6.866570 7.527370
68856405000 0.450110 7.067683 7.757214
68895158000 1.465251 7.738060 5.497087
68934138000 2.135628 7.680599 4.280833
68973740000 2.020706 7.776367 3.888184
69012218000 1.608904 7.862558 3.064578
69052710000 1.465251 7.967903 2.212242
69091225000 0.210690 8.552089 1.474828
69130837000 0.354342 8.973468 2.154782
69170109000 0.756568 8.676587 2.719813
69209340000 0.995988 8.159439 3.572149
69248586000 0.019154 7.747637 4.845864
69288280000 -0.335188 8.207323 7.603985
69326888000 0.612916 7.718906 7.671022
69366693000 -0.459687 6.531382 7.996634
69405524000 -2.164358 7.910442 6.272809
69444699000 -2.260126 8.054094 6.119579
69484179000 -0.814029 6.617573 7.058106
69523245000 -0.268151 5.813122 5.937620
69562183000 0.948104 5.544971 5.659893
69601457000 0.756568 5.008670 5.784391
69641219000 3.495534 5.152322 5.985504
69680464000 2.940080 5.784391 6.493075
69719623000 0.565032 6.138733 7.651869
69759347000 -0.124498 6.684611 8.963891
69798249000 -0.469264 7.671022 8.753201
69837418000 -1.216254 8.389283 8.686164
69876713000 -0.737414 8.389283 6.761226
69916057000 0.172383 6.406884 7.412448
69955318000 -0.775721 4.280833 8.868123
69994601000 1.072602 4.721366 8.216900
70034317000 1.877054 5.631162 5.257667
70073061000 2.020706 5.746084 4.156334
70112217000 2.710236 5.276821 5.947197
70151543000 0.957681 5.908890 5.382165
70190894000 -0.622492 6.560112 5.276821
70230183000 0.536301 6.550536 7.824251
70269485000 1.398214 6.598420 8.513782
70309184000 0.421380 7.058106 8.188169
70347622000 0.603339 7.508216 8.628703
70387281000 1.177947 7.603985 8.437167
70426568000 -0.363919 7.517793 7.412448
70465939000 -1.244985 7.680599 6.694188
70505135000 -0.746991 6.119579 7.814674
70544109000 -1.091756 5.372589 8.283937
70584173000 -0.296881 6.119579 5.985504
70623110000 -0.737414 5.966351 5.420473
70662203000 0.306458 5.343858 6.598420
70702014000 0.488417 5.046977 6.742072
70740199000 -0.363919 5.008670 6.330269
70780299000 0.488417 5.497087 5.918467
70819493000 0.775721 6.234501 5.295974
70858869000 1.264138 6.943185 5.822699
70898101000 1.608904 7.546524 6.138733
70937357000 1.350330 7.939173 6.895301
70976681000 0.967257 8.101978 6.933608
71015920000 1.197101 7.747637 8.398860
71055115000 0.900220 7.958326 7.517793
71093827000 1.877054 7.163452 6.684611
71133931000 2.212242 5.631162 8.015787
71172521000 2.461239 5.592855 7.594408
71212195000 2.901772 5.928043 6.473921
71251080000 2.183512 5.928043 5.190629
71290793000 1.206678 6.196194 4.175488
71330053000 0.402226 6.330269 4.702212
71369334000 -0.201113 6.569689 5.238513
71408647000 0.162806 6.837840 6.004658
71447951000 -0.871489 7.125144 6.081272
71487154000 -1.139640 7.431602 6.837840
71526379000 -0.785298 7.776367 7.268796
71565884000 -0.689530 7.939173 7.249643
71605090000 -1.637634 8.485051 7.220912
71644083000 -1.273715 7.862558 6.464345
71684151000 -1.838747 6.464345 8.015787
71722634000 -2.001553 6.694188 6.818686
71761920000 -1.819593 6.742072 6.177041
71801278000 -0.248997 5.880159 6.952762
71840788000 -0.009577 4.951209 7.163452
71880068000 0.153229 4.797980 7.163452
71919320000 1.177947 5.449203 6.282385
71958982000 1.024718 6.090849 5.094861
71997954000 1.446098 6.406884 5.602432
72037115000 1.733402 6.761226 6.177041
72076373000 0.344765 7.393295 6.895301
72115659000 0.861913 7.546524 7.603985
72155319000 1.283292 7.393295 9.097966
72194097000 0.842759 7.460332 8.216900
72233552000 1.589750 6.780379 7.230489
72272222000 2.078167 6.205771 7.201759
72311710000 3.074155 6.320693 6.952762
72351143000 2.825158 6.435614 6.272809
72390915000 2.135628 6.291962 5.966351
72429774000 1.043872 6.406884 5.430049
72469016000 -0.153229 6.694188 4.319140
72508231000 -0.622492 7.019799 4.376601
72547513000 -0.411803 7.173028 4.979939
72586513000 -0.679953 7.268796 5.525817
72626082000 -0.890643 7.661446 6.062119
72665328000 -0.612916 8.188169 6.809110
72704609000 -0.507571 8.475474 7.354988
72743965000 -0.861913 9.050082 6.205771
72783188000 -0.497994 7.536947 7.220912
72822033000 -1.034295 6.196194 8.628703
72861624000 -1.034295 6.646304 6.991069
72900792000 -0.363919 6.119579 6.694188
72940238000 0.086191 5.391742 6.607996
72979615000 0.450110 4.960786 6.895301
73018814000 1.043872 5.315128 6.722919
73058099000 0.938527 5.889736 6.062119
73097423000 1.752556 6.272809 5.707777
73136698000 1.599327 6.454768 5.583278
73175656000 0.804452 6.502652 6.493075
73215109000 0.038307 7.019799 6.722919
73254139000 0.038307 7.268796 6.722919
73293895000 0.181959 7.153875 8.475474
73332489000 1.704672 7.441179 7.287950
73372023000 3.007117 6.129156 7.929596
73411291000 2.557007 5.554548 9.145850
73450402000 3.409343 6.042965 7.651869
73489998000 2.087744 6.042965 6.062119
73529274000 1.426944 6.004658 6.464345
73568632000 0.814029 5.908890 6.378153
73607804000 -0.679953 6.110003 4.865018
73647070000 -0.986411 6.397307 4.654328
73686349000 -0.344765 6.540959 5.726931
73725642000 -1.235408 6.876147 5.439626
73764837000 -1.398214 7.422025 6.521805
73804094000 -0.814029 7.556100 8.159439
73843267000 -1.733402 8.130709 8.044518
73882078000 -1.455675 8.647857 5.822699
73921662000 -0.268151 6.809110 7.910442
73961727000 -1.465251 5.765238 8.599973
74000563000 -1.091756 6.081272 7.335834
74040141000 -0.679953 5.650316 6.981492
74079023000 0.421380 4.989516 7.096414
74118709000 0.584185 4.759673 6.550536
74157568000 0.009577 4.960786 5.430049
74196607000 0.545878 5.324705 5.726931
74236054000 0.852336 5.717354 5.813122
74275344000 0.641646 6.282385 6.023811
74314693000 1.005565 6.550536 8.092402
74353928000 0.430956 6.914454 8.848969
74392764000 0.679953 7.182605 8.992621
74432003000 0.162806 7.565677 8.810662
74471306000 0.632069 7.709330 5.391742
74510893000 1.350330 4.989516 7.852982
74550234000 1.561020 4.271256 10.017340
74589504000 1.532289 5.123591 8.350976
74628790000 0.890643 5.506664 6.493075
74667993000 0.842759 5.621585 5.295974
74707435000 0.794875 5.899313 4.558560
74746380000 -0.823605 6.138733 5.056554
74786272000 -0.421380 6.244078 6.665458
74825182000 -0.574608 6.224925 6.387730
74864317000 -0.172383 6.550536 6.876147
74903859000 -0.316035 7.326257 7.766790
74942902000 -0.392649 7.766790 8.044518
74982248000 -1.905785 8.293514 7.766790
75021765000 -1.072602 7.948750 6.301539
75060737000 -0.651223 6.081272 8.513782
75100446000 -1.197101 6.186617 7.096414
75139635000 -1.110910 6.042965 6.588843
75179038000 -0.325611 5.410896 7.287950
75218198000 0.392649 5.142745 7.335834
75257493000 0.766145 4.922479 7.125144
75296718000 0.871489 4.778827 7.038953
75336531000 0.909797 5.200206 5.765238
75375445000 0.632069 5.822699 4.941632
75414568000 0.076614 6.014235 6.138733
75453973000 -0.545878 7.105990 6.062119
75493483000 -0.900220 7.747637 6.282385
75532207000 -0.679953 7.852982 8.216900
75571615000 0.411803 8.494628 7.086837
75610800000 1.570596 6.981492 8.619126
75650518000 1.800440 5.918467 9.346964
75689812000 2.748544 5.659893 8.360553
75729143000 2.461239 5.736507 6.349423
75768499000 1.848324 5.851429 4.951209
75807745000 1.063026 5.975927 4.290410
75847046000 -0.124498 6.177041 4.098873
75885339000 -0.785298 6.569689 4.405331
75925591000 -0.823605 6.981492 5.363012
75964690000 -0.603339 6.914454 7.173028
76004495000 -0.660800 7.498640 6.981492
76042511000 -0.708684 8.063671 7.259220
76082226000 -1.225831 8.025364 8.801085
76121611000 -1.312023 8.619126 8.054094
76161121000 -0.105345 7.613562 7.843405
76200468000 -0.095768 6.531382 8.226477
76239742000 -0.612916 7.038953 6.215348
76279443000 0.172383 6.368577 6.550536
76318384000 0.967257 5.420473 6.962338
76357648000 1.015141 5.209783 6.416461
76396699000 1.608904 5.430049 5.573701
76436281000 1.177947 5.755661 4.501099
76474958000 1.206678 6.617573 3.725378
76514630000 1.503559 7.096414 4.185065
76554452000 1.216254 6.540959 5.985504
76593110000 1.426944 6.512228 7.603985
76632461000 0.775721 6.789956 8.695741
76671670000 0.651223 6.244078 10.812215
76711368000 0.181959 7.556100 8.599973
76750620000 1.829170 7.383718 6.895301
76789816000 2.528277 4.912902 9.404425
76829233000 1.982399 4.692636 8.571242
76868480000 1.187524 5.305551 7.738060
76907577000 1.331176 5.554548 6.665458
76947081000 1.273715 5.544971 6.378153
76986384000 -0.134075 5.717354 5.497087
77025263000 -0.612916 5.985504 5.171476
77065036000 -0.402226 6.014235 5.238513
77104130000 0.565032 6.052542 6.071695
77143550000 0.852336 6.368577 6.071695
77182379000 0.890643 6.847417 6.981492
77221890000 0.890643 7.345411 7.565677
77261167000 0.919373 7.220912 7.642292
77300666000 -0.421380 7.498640 7.287950
77339781000 0.488417 8.236053 7.029376
77379315000 2.595315 7.019799 8.848969
77418450000 2.633622 6.627151 7.489063
77457688000 2.509123 6.071695 7.230489
77497090000 1.493982 4.788404 7.833828
77536302000 0.823605 4.194642 7.929596
77575560000 0.928950 4.108450 8.111555
77614638000 1.417367 4.060566 8.255207
77653989000 1.857901 4.797980 7.307104
77693275000 2.049437 5.707777 6.789956
77732207000 1.886631 6.014235 8.149862
77771375000 1.158794 6.473921 7.460332
77811217000 -0.191536 7.115568 5.717354
77850557000 -0.421380 7.335834 5.822699
77889849000 0.660800 6.885724 6.847417
77929100000 0.660800 6.560112 7.996634
77968359000 0.641646 6.866570 7.891289
78007631000 0.153229 6.799533 7.287950
78046978000 0.344765 6.876147 6.818686
78085908000 0.612916 6.713342 7.182605
78125482000 1.158794 6.263232 7.077260
78164944000 2.039860 6.014235 6.856994
78203742000 1.589750 6.042965 6.579266
78243088000 1.120486 6.435614 5.659893
78282178000 0.804452 6.703765 4.807557
78321711000 2.097321 6.761226 5.085284
78361154000 1.407791 7.134721 4.970363
78399692000 0.612916 7.086837 5.190629
78439737000 -0.009577 6.454768 7.230489
78479087000 0.526724 6.033388 9.107543
78518209000 -0.019154 6.100426 7.374141
78557578000 1.216254 5.966351 7.153875
78596899000 2.643199 6.454768 6.818686
78636164000 2.078167 6.426037 6.512228
78675434000 1.628057 5.755661 7.345411
78714531000 1.206678 5.391742 7.757214
78754164000 1.235408 5.209783 7.824251
78793201000 1.168370 5.363012 8.513782
78832207000 -0.325611 6.569689 7.326257
78871568000 0.708684 7.364564 3.476381
78911005000 3.064578 4.759673 9.624691
78950372000 2.614468 4.041412 13.761871
78989911000 3.035848 4.587290 10.965444
79029092000 2.719813 4.711789 5.439626
79068173000 2.250550 4.386178 4.673482
79108110000 0.766145 4.194642 7.603985
79147107000 -0.497994 4.520253 8.169016
79186086000 0.737414 4.912902 7.891289
79226086000 1.283292 5.382165 7.287950
79265004000 1.532289 5.544971 7.096414
79304152000 0.201113 5.363012 7.460332
79343710000 -0.153229 5.669470 8.101978
79382581000 -0.143652 6.071695 8.494628
79422203000 -0.402226 6.904878 7.287950
79461465000 0.651223 6.837840 7.134721
79501255000 0.632069 5.257667 8.169016
79540095000 -0.220267 5.410896 6.531382
79579374000 -1.235408 5.631162 4.817134
79618672000 -1.053449 4.855441 5.401319
79658338000 0.354342 4.730943 6.368577
79697170000 0.928950 5.066131 6.722919
79736450000 0.660800 4.951209 7.977480
79775565000 1.225831 5.439626 8.590396
79814993000 0.833182 5.372589 9.155427
79854225000 0.143652 4.893748 9.595961
79893418000 0.392649 5.046977 8.695741
79932084000 -0.507571 5.161899 7.603985
79971653000 -0.603339 5.592855 7.747637
80011082000 -0.411803 5.544971 7.422025
80050411000 0.162806 4.932055 7.843405
80090052000 0.229843 4.663905 7.709330
80128981000 -0.718261 4.721366 7.546524
80168213000 -0.430956 4.845864 8.121132
80207556000 -0.143652 4.960786 7.862558
80246824000 0.095768 5.133168 7.364564
80286131000 -0.373495 4.769250 7.967903
80325473000 -0.536301 4.740520 8.044518
80364315000 -1.024718 5.008670 7.220912
80404002000 -0.775721 4.750096 7.383718
80443085000 -0.354342 4.663905 7.651869
80482079000 -0.076614 4.932055 7.651869
80521528000 -0.047884 4.960786 7.776367
80560869000 -0.325611 4.788404 8.303091
80600442000 -0.316035 4.769250 8.015787
80639737000 -0.383072 4.759673 7.603985
80678873000 -0.210690 4.692636 8.111555
80718273000 -0.268151 4.730943 8.092402
80757535000 -0.239420 4.836287 7.920019
80796283000 -0.009577 4.836287 7.967903
80836036000 0.114922 4.884171 7.900866
80875198000 0.105345 4.932055 7.977480
80914040000 0.057461 4.999093 7.785944
80954066000 0.057461 4.932055 7.929596
80992948000 0.057461 4.970363 8.006210
81032044000 -0.067038 4.941632 7.958326
81071751000 0.229843 4.989516 7.881712
81110556000 0.861913 5.372589 7.757214
81149760000 1.197101 5.784391 7.268796
81189415000 0.833182 6.100426 6.569689
81228242000 0.622492 6.129156 6.962338
81268066000 0.957681 6.004658 7.575254
81307776000 1.244985 5.813122 7.575254
81346662000 1.273715 5.679047 7.814674
81385879000 0.794875 5.401319 8.063671
81425156000 0.565032 5.382165 7.910442
81464043000 0.191536 5.334281 7.795521
81503818000 0.488417 5.372589 7.738060
81542572000 0.861913 5.679047 7.374141
81582002000 0.890643 5.679047 7.345411
81621475000 0.593762 5.621585 7.556100
81660813000 0.699107 5.554548 7.718906
81700116000 0.699107 5.640739 7.105990
81739094000 0.861913 5.564125 7.642292
